{"C:\\Users\\AORUS\\OneDrive\\Escritorio\\Estudio\\Proyectos\\aprendizaje_online\\front-end-platform-online\\src\\components\\textfield\\textfield.tsx": {"path":"C:\\Users\\AORUS\\OneDrive\\Escritorio\\Estudio\\Proyectos\\aprendizaje_online\\front-end-platform-online\\src\\components\\textfield\\textfield.tsx","all":false,"statementMap":{"0":{"start":{"line":1,"column":0},"end":{"line":1,"column":43}},"1":{"start":{"line":2,"column":0},"end":{"line":2,"column":27}},"2":{"start":{"line":3,"column":0},"end":{"line":3,"column":0}},"3":{"start":{"line":4,"column":0},"end":{"line":4,"column":46}},"4":{"start":{"line":5,"column":0},"end":{"line":5,"column":0}},"5":{"start":{"line":6,"column":0},"end":{"line":6,"column":62}},"6":{"start":{"line":7,"column":0},"end":{"line":7,"column":55}},"7":{"start":{"line":8,"column":0},"end":{"line":8,"column":0}},"8":{"start":{"line":9,"column":0},"end":{"line":9,"column":26}},"9":{"start":{"line":10,"column":0},"end":{"line":10,"column":74}},"10":{"start":{"line":11,"column":0},"end":{"line":11,"column":25}},"11":{"start":{"line":12,"column":0},"end":{"line":12,"column":76}},"12":{"start":{"line":13,"column":0},"end":{"line":13,"column":25}},"13":{"start":{"line":14,"column":0},"end":{"line":14,"column":25}},"14":{"start":{"line":15,"column":0},"end":{"line":15,"column":25}},"15":{"start":{"line":16,"column":0},"end":{"line":16,"column":77}},"16":{"start":{"line":17,"column":0},"end":{"line":17,"column":1}},"17":{"start":{"line":18,"column":0},"end":{"line":18,"column":0}},"18":{"start":{"line":19,"column":0},"end":{"line":19,"column":55}},"19":{"start":{"line":20,"column":0},"end":{"line":20,"column":4}},"20":{"start":{"line":21,"column":0},"end":{"line":21,"column":81}},"21":{"start":{"line":22,"column":0},"end":{"line":22,"column":0}},"22":{"start":{"line":23,"column":0},"end":{"line":23,"column":87}},"23":{"start":{"line":24,"column":0},"end":{"line":24,"column":0}},"24":{"start":{"line":25,"column":0},"end":{"line":25,"column":12}},"25":{"start":{"line":26,"column":0},"end":{"line":26,"column":71}},"26":{"start":{"line":27,"column":0},"end":{"line":27,"column":0}},"27":{"start":{"line":28,"column":0},"end":{"line":28,"column":78}},"28":{"start":{"line":29,"column":0},"end":{"line":29,"column":0}},"29":{"start":{"line":30,"column":0},"end":{"line":30,"column":17}},"30":{"start":{"line":31,"column":0},"end":{"line":31,"column":0}},"31":{"start":{"line":32,"column":0},"end":{"line":32,"column":17}},"32":{"start":{"line":33,"column":0},"end":{"line":33,"column":44}},"33":{"start":{"line":34,"column":0},"end":{"line":34,"column":23}},"34":{"start":{"line":35,"column":0},"end":{"line":35,"column":33}},"35":{"start":{"line":36,"column":0},"end":{"line":36,"column":43}},"36":{"start":{"line":37,"column":0},"end":{"line":37,"column":55}},"37":{"start":{"line":38,"column":0},"end":{"line":38,"column":50}},"38":{"start":{"line":39,"column":0},"end":{"line":39,"column":41}},"39":{"start":{"line":40,"column":0},"end":{"line":40,"column":26}},"40":{"start":{"line":41,"column":0},"end":{"line":41,"column":23}},"41":{"start":{"line":42,"column":0},"end":{"line":42,"column":23}},"42":{"start":{"line":43,"column":0},"end":{"line":43,"column":31}},"43":{"start":{"line":44,"column":0},"end":{"line":44,"column":46}},"44":{"start":{"line":45,"column":0},"end":{"line":45,"column":43}},"45":{"start":{"line":46,"column":0},"end":{"line":46,"column":55}},"46":{"start":{"line":47,"column":0},"end":{"line":47,"column":50}},"47":{"start":{"line":48,"column":0},"end":{"line":48,"column":42}},"48":{"start":{"line":49,"column":0},"end":{"line":49,"column":26}},"49":{"start":{"line":50,"column":0},"end":{"line":50,"column":21}},"50":{"start":{"line":51,"column":0},"end":{"line":51,"column":17}},"51":{"start":{"line":52,"column":0},"end":{"line":52,"column":0}},"52":{"start":{"line":53,"column":0},"end":{"line":53,"column":17}},"53":{"start":{"line":54,"column":0},"end":{"line":54,"column":48}},"54":{"start":{"line":55,"column":0},"end":{"line":55,"column":107}},"55":{"start":{"line":56,"column":0},"end":{"line":56,"column":33}},"56":{"start":{"line":57,"column":0},"end":{"line":57,"column":79}},"57":{"start":{"line":58,"column":0},"end":{"line":58,"column":103}},"58":{"start":{"line":59,"column":0},"end":{"line":59,"column":30}},"59":{"start":{"line":60,"column":0},"end":{"line":60,"column":33}},"60":{"start":{"line":61,"column":0},"end":{"line":61,"column":21}},"61":{"start":{"line":62,"column":0},"end":{"line":62,"column":17}},"62":{"start":{"line":63,"column":0},"end":{"line":63,"column":12}},"63":{"start":{"line":64,"column":0},"end":{"line":64,"column":18}},"64":{"start":{"line":65,"column":0},"end":{"line":65,"column":0}},"65":{"start":{"line":66,"column":0},"end":{"line":66,"column":14}},"66":{"start":{"line":67,"column":0},"end":{"line":67,"column":6}},"67":{"start":{"line":68,"column":0},"end":{"line":68,"column":0}},"68":{"start":{"line":69,"column":0},"end":{"line":69,"column":1}}},"s":{"0":1,"1":1,"2":1,"3":1,"4":1,"5":1,"6":1,"7":1,"8":1,"9":1,"10":1,"11":1,"12":1,"13":1,"14":1,"15":1,"16":1,"17":1,"18":1,"19":8,"20":8,"21":8,"22":8,"23":8,"24":8,"25":8,"26":8,"27":8,"28":8,"29":8,"30":8,"31":8,"32":8,"33":8,"34":1,"35":1,"36":1,"37":1,"38":1,"39":1,"40":8,"41":8,"42":7,"43":7,"44":7,"45":7,"46":7,"47":7,"48":7,"49":8,"50":8,"51":8,"52":8,"53":8,"54":4,"55":4,"56":4,"57":4,"58":4,"59":4,"60":8,"61":8,"62":8,"63":8,"64":8,"65":8,"66":8,"67":8,"68":8},"branchMap":{"0":{"type":"branch","line":19,"loc":{"start":{"line":19,"column":25},"end":{"line":69,"column":1}},"locations":[{"start":{"line":19,"column":25},"end":{"line":69,"column":1}}]},"1":{"type":"branch","line":26,"loc":{"start":{"line":26,"column":49},"end":{"line":26,"column":60}},"locations":[{"start":{"line":26,"column":49},"end":{"line":26,"column":60}}]},"2":{"type":"branch","line":28,"loc":{"start":{"line":28,"column":52},"end":{"line":28,"column":60}},"locations":[{"start":{"line":28,"column":52},"end":{"line":28,"column":60}}]},"3":{"type":"branch","line":34,"loc":{"start":{"line":34,"column":20},"end":{"line":40,"column":26}},"locations":[{"start":{"line":34,"column":20},"end":{"line":40,"column":26}}]},"4":{"type":"branch","line":42,"loc":{"start":{"line":42,"column":20},"end":{"line":49,"column":26}},"locations":[{"start":{"line":42,"column":20},"end":{"line":49,"column":26}}]},"5":{"type":"branch","line":54,"loc":{"start":{"line":54,"column":43},"end":{"line":60,"column":33}},"locations":[{"start":{"line":54,"column":43},"end":{"line":60,"column":33}}]},"6":{"type":"branch","line":57,"loc":{"start":{"line":57,"column":53},"end":{"line":57,"column":63}},"locations":[{"start":{"line":57,"column":53},"end":{"line":57,"column":63}}]},"7":{"type":"branch","line":57,"loc":{"start":{"line":57,"column":64},"end":{"line":57,"column":76}},"locations":[{"start":{"line":57,"column":64},"end":{"line":57,"column":76}}]},"8":{"type":"branch","line":58,"loc":{"start":{"line":58,"column":57},"end":{"line":58,"column":77}},"locations":[{"start":{"line":58,"column":57},"end":{"line":58,"column":77}}]},"9":{"type":"branch","line":58,"loc":{"start":{"line":58,"column":78},"end":{"line":58,"column":99}},"locations":[{"start":{"line":58,"column":78},"end":{"line":58,"column":99}}]}},"b":{"0":[8],"1":[0],"2":[0],"3":[1],"4":[7],"5":[4],"6":[3],"7":[1],"8":[3],"9":[1]},"fnMap":{"0":{"name":"Textfield","decl":{"start":{"line":19,"column":25},"end":{"line":69,"column":1}},"loc":{"start":{"line":19,"column":25},"end":{"line":69,"column":1}},"line":19}},"f":{"0":8}}
}
