TN:
SF:src\components\textfield\textfield.tsx
FN:19,Textfield
FNF:1
FNH:1
FNDA:8,Textfield
DA:1,1
DA:2,1
DA:3,1
DA:4,1
DA:5,1
DA:6,1
DA:7,1
DA:8,1
DA:9,1
DA:10,1
DA:11,1
DA:12,1
DA:13,1
DA:14,1
DA:15,1
DA:16,1
DA:17,1
DA:18,1
DA:19,1
DA:20,8
DA:21,8
DA:22,8
DA:23,8
DA:24,8
DA:25,8
DA:26,8
DA:27,8
DA:28,8
DA:29,8
DA:30,8
DA:31,8
DA:32,8
DA:33,8
DA:34,8
DA:35,1
DA:36,1
DA:37,1
DA:38,1
DA:39,1
DA:40,1
DA:41,8
DA:42,8
DA:43,7
DA:44,7
DA:45,7
DA:46,7
DA:47,7
DA:48,7
DA:49,7
DA:50,8
DA:51,8
DA:52,8
DA:53,8
DA:54,8
DA:55,4
DA:56,4
DA:57,4
DA:58,4
DA:59,4
DA:60,4
DA:61,8
DA:62,8
DA:63,8
DA:64,8
DA:65,8
DA:66,8
DA:67,8
DA:68,8
DA:69,8
LF:69
LH:69
BRDA:19,0,0,8
BRDA:26,1,0,0
BRDA:28,2,0,0
BRDA:34,3,0,1
BRDA:42,4,0,7
BRDA:54,5,0,4
BRDA:57,6,0,3
BRDA:57,7,0,1
BRDA:58,8,0,3
BRDA:58,9,0,1
BRF:10
BRH:8
end_of_record
