{"D:\\Estudio\\Proyectos\\aprendizaje_online\\back-end-platform-online\\src\\domain\\entities\\index.ts": {"path":"D:\\Estudio\\Proyectos\\aprendizaje_online\\back-end-platform-online\\src\\domain\\entities\\index.ts","all":false,"statementMap":{"0":{"start":{"line":1,"column":0},"end":{"line":1,"column":49}},"1":{"start":{"line":2,"column":0},"end":{"line":2,"column":45}},"2":{"start":{"line":3,"column":0},"end":{"line":3,"column":59}},"3":{"start":{"line":4,"column":0},"end":{"line":4,"column":53}},"4":{"start":{"line":5,"column":0},"end":{"line":5,"column":53}},"5":{"start":{"line":6,"column":0},"end":{"line":6,"column":49}},"6":{"start":{"line":7,"column":0},"end":{"line":7,"column":45}},"7":{"start":{"line":8,"column":0},"end":{"line":8,"column":53}},"8":{"start":{"line":9,"column":0},"end":{"line":9,"column":53}},"9":{"start":{"line":10,"column":0},"end":{"line":10,"column":43}}},"s":{"0":1,"1":1,"2":1,"3":1,"4":1,"5":1,"6":1,"7":1,"8":1,"9":1},"branchMap":{"0":{"type":"branch","line":1,"loc":{"start":{"line":1,"column":9},"end":{"line":1,"column":49}},"locations":[{"start":{"line":1,"column":9},"end":{"line":1,"column":49}}]},"1":{"type":"branch","line":6,"loc":{"start":{"line":6,"column":9},"end":{"line":6,"column":49}},"locations":[{"start":{"line":6,"column":9},"end":{"line":6,"column":49}}]}},"b":{"0":[7],"1":[4]},"fnMap":{"0":{"name":"get","decl":{"start":{"line":1,"column":9},"end":{"line":1,"column":49}},"loc":{"start":{"line":1,"column":9},"end":{"line":1,"column":49}},"line":1},"1":{"name":"get","decl":{"start":{"line":2,"column":9},"end":{"line":2,"column":45}},"loc":{"start":{"line":2,"column":9},"end":{"line":2,"column":45}},"line":2},"2":{"name":"get","decl":{"start":{"line":3,"column":9},"end":{"line":3,"column":59}},"loc":{"start":{"line":3,"column":9},"end":{"line":3,"column":59}},"line":3},"3":{"name":"get","decl":{"start":{"line":4,"column":9},"end":{"line":4,"column":53}},"loc":{"start":{"line":4,"column":9},"end":{"line":4,"column":53}},"line":4},"4":{"name":"get","decl":{"start":{"line":5,"column":9},"end":{"line":5,"column":53}},"loc":{"start":{"line":5,"column":9},"end":{"line":5,"column":53}},"line":5},"5":{"name":"get","decl":{"start":{"line":6,"column":9},"end":{"line":6,"column":49}},"loc":{"start":{"line":6,"column":9},"end":{"line":6,"column":49}},"line":6},"6":{"name":"get","decl":{"start":{"line":7,"column":9},"end":{"line":7,"column":45}},"loc":{"start":{"line":7,"column":9},"end":{"line":7,"column":45}},"line":7},"7":{"name":"get","decl":{"start":{"line":8,"column":9},"end":{"line":8,"column":53}},"loc":{"start":{"line":8,"column":9},"end":{"line":8,"column":53}},"line":8},"8":{"name":"get","decl":{"start":{"line":9,"column":9},"end":{"line":9,"column":53}},"loc":{"start":{"line":9,"column":9},"end":{"line":9,"column":53}},"line":9},"9":{"name":"get","decl":{"start":{"line":10,"column":9},"end":{"line":10,"column":43}},"loc":{"start":{"line":10,"column":9},"end":{"line":10,"column":43}},"line":10}},"f":{"0":7,"1":0,"2":0,"3":0,"4":0,"5":4,"6":0,"7":0,"8":0,"9":0}}
,"D:\\Estudio\\Proyectos\\aprendizaje_online\\back-end-platform-online\\tests\\test-server.ts": {"path":"D:\\Estudio\\Proyectos\\aprendizaje_online\\back-end-platform-online\\tests\\test-server.ts","all":false,"statementMap":{"0":{"start":{"line":1,"column":0},"end":{"line":1,"column":58}},"1":{"start":{"line":2,"column":0},"end":{"line":2,"column":57}},"2":{"start":{"line":3,"column":0},"end":{"line":3,"column":65}},"3":{"start":{"line":4,"column":0},"end":{"line":4,"column":0}},"4":{"start":{"line":5,"column":0},"end":{"line":5,"column":41}},"5":{"start":{"line":6,"column":0},"end":{"line":6,"column":20}},"6":{"start":{"line":7,"column":0},"end":{"line":7,"column":32}},"7":{"start":{"line":8,"column":0},"end":{"line":8,"column":3}}},"s":{"0":1,"1":1,"2":1,"3":1,"4":1,"5":1,"6":1,"7":1},"branchMap":{},"b":{},"fnMap":{},"f":{}}
,"D:\\Estudio\\Proyectos\\aprendizaje_online\\back-end-platform-online\\tests\\helpers\\get-course.ts": {"path":"D:\\Estudio\\Proyectos\\aprendizaje_online\\back-end-platform-online\\tests\\helpers\\get-course.ts","all":false,"statementMap":{"0":{"start":{"line":1,"column":0},"end":{"line":1,"column":48}},"1":{"start":{"line":2,"column":0},"end":{"line":2,"column":0}},"2":{"start":{"line":3,"column":0},"end":{"line":3,"column":58}},"3":{"start":{"line":4,"column":0},"end":{"line":4,"column":50}},"4":{"start":{"line":5,"column":0},"end":{"line":5,"column":28}},"5":{"start":{"line":6,"column":0},"end":{"line":6,"column":1}}},"s":{"0":1,"1":1,"2":1,"3":1,"4":1,"5":1},"branchMap":{"0":{"type":"branch","line":3,"loc":{"start":{"line":3,"column":29},"end":{"line":6,"column":1}},"locations":[{"start":{"line":3,"column":29},"end":{"line":6,"column":1}}]},"1":{"type":"branch","line":3,"loc":{"start":{"line":3,"column":56},"end":{"line":6,"column":1}},"locations":[{"start":{"line":3,"column":56},"end":{"line":6,"column":1}}]}},"b":{"0":[1],"1":[1]},"fnMap":{"0":{"name":"getCourseTest","decl":{"start":{"line":3,"column":29},"end":{"line":6,"column":1}},"loc":{"start":{"line":3,"column":29},"end":{"line":6,"column":1}},"line":3}},"f":{"0":1}}
,"D:\\Estudio\\Proyectos\\aprendizaje_online\\back-end-platform-online\\tests\\helpers\\get-token.ts": {"path":"D:\\Estudio\\Proyectos\\aprendizaje_online\\back-end-platform-online\\tests\\helpers\\get-token.ts","all":false,"statementMap":{"0":{"start":{"line":1,"column":0},"end":{"line":1,"column":32}},"1":{"start":{"line":2,"column":0},"end":{"line":2,"column":61}},"2":{"start":{"line":3,"column":0},"end":{"line":3,"column":0}},"3":{"start":{"line":4,"column":0},"end":{"line":4,"column":63}},"4":{"start":{"line":5,"column":0},"end":{"line":5,"column":0}},"5":{"start":{"line":6,"column":0},"end":{"line":6,"column":57}},"6":{"start":{"line":7,"column":0},"end":{"line":7,"column":33}},"7":{"start":{"line":8,"column":0},"end":{"line":8,"column":68}},"8":{"start":{"line":9,"column":0},"end":{"line":9,"column":0}},"9":{"start":{"line":10,"column":0},"end":{"line":10,"column":50}},"10":{"start":{"line":11,"column":0},"end":{"line":11,"column":0}},"11":{"start":{"line":12,"column":0},"end":{"line":12,"column":1}}},"s":{"0":1,"1":1,"2":1,"3":1,"4":2,"5":2,"6":2,"7":2,"8":2,"9":2,"10":2,"11":2},"branchMap":{"0":{"type":"branch","line":4,"loc":{"start":{"line":4,"column":28},"end":{"line":12,"column":1}},"locations":[{"start":{"line":4,"column":28},"end":{"line":12,"column":1}}]},"1":{"type":"branch","line":4,"loc":{"start":{"line":4,"column":61},"end":{"line":12,"column":1}},"locations":[{"start":{"line":4,"column":61},"end":{"line":12,"column":1}}]}},"b":{"0":[2],"1":[2]},"fnMap":{"0":{"name":"getTokenUser","decl":{"start":{"line":4,"column":28},"end":{"line":12,"column":1}},"loc":{"start":{"line":4,"column":28},"end":{"line":12,"column":1}},"line":4}},"f":{"0":2}}
,"D:\\Estudio\\Proyectos\\aprendizaje_online\\back-end-platform-online\\tests\\presentation\\controllers\\seccion\\helpers\\index.ts": {"path":"D:\\Estudio\\Proyectos\\aprendizaje_online\\back-end-platform-online\\tests\\presentation\\controllers\\seccion\\helpers\\index.ts","all":false,"statementMap":{"0":{"start":{"line":1,"column":0},"end":{"line":1,"column":56}},"1":{"start":{"line":2,"column":0},"end":{"line":2,"column":49}},"2":{"start":{"line":3,"column":0},"end":{"line":3,"column":47}},"3":{"start":{"line":4,"column":0},"end":{"line":4,"column":53}}},"s":{"0":1,"1":1,"2":1,"3":1},"branchMap":{"0":{"type":"branch","line":1,"loc":{"start":{"line":1,"column":9},"end":{"line":1,"column":56}},"locations":[{"start":{"line":1,"column":9},"end":{"line":1,"column":56}}]},"1":{"type":"branch","line":2,"loc":{"start":{"line":2,"column":9},"end":{"line":2,"column":49}},"locations":[{"start":{"line":2,"column":9},"end":{"line":2,"column":49}}]},"2":{"type":"branch","line":3,"loc":{"start":{"line":3,"column":9},"end":{"line":3,"column":47}},"locations":[{"start":{"line":3,"column":9},"end":{"line":3,"column":47}}]},"3":{"type":"branch","line":4,"loc":{"start":{"line":4,"column":9},"end":{"line":4,"column":53}},"locations":[{"start":{"line":4,"column":9},"end":{"line":4,"column":53}}]}},"b":{"0":[1],"1":[1],"2":[1],"3":[1]},"fnMap":{"0":{"name":"get","decl":{"start":{"line":1,"column":9},"end":{"line":1,"column":56}},"loc":{"start":{"line":1,"column":9},"end":{"line":1,"column":56}},"line":1},"1":{"name":"get","decl":{"start":{"line":2,"column":9},"end":{"line":2,"column":49}},"loc":{"start":{"line":2,"column":9},"end":{"line":2,"column":49}},"line":2},"2":{"name":"get","decl":{"start":{"line":3,"column":9},"end":{"line":3,"column":47}},"loc":{"start":{"line":3,"column":9},"end":{"line":3,"column":47}},"line":3},"3":{"name":"get","decl":{"start":{"line":4,"column":9},"end":{"line":4,"column":53}},"loc":{"start":{"line":4,"column":9},"end":{"line":4,"column":53}},"line":4}},"f":{"0":1,"1":1,"2":1,"3":1}}
,"D:\\Estudio\\Proyectos\\aprendizaje_online\\back-end-platform-online\\tests\\presentation\\controllers\\seccion\\helpers\\update-seccion.ts": {"path":"D:\\Estudio\\Proyectos\\aprendizaje_online\\back-end-platform-online\\tests\\presentation\\controllers\\seccion\\helpers\\update-seccion.ts","all":false,"statementMap":{"0":{"start":{"line":1,"column":0},"end":{"line":1,"column":57}},"1":{"start":{"line":2,"column":0},"end":{"line":2,"column":0}},"2":{"start":{"line":3,"column":0},"end":{"line":3,"column":81}},"3":{"start":{"line":4,"column":0},"end":{"line":4,"column":0}},"4":{"start":{"line":5,"column":0},"end":{"line":5,"column":37}},"5":{"start":{"line":6,"column":0},"end":{"line":6,"column":16}},"6":{"start":{"line":7,"column":0},"end":{"line":7,"column":31}},"7":{"start":{"line":8,"column":0},"end":{"line":8,"column":10}},"8":{"start":{"line":9,"column":0},"end":{"line":9,"column":15}},"9":{"start":{"line":10,"column":0},"end":{"line":10,"column":29}},"10":{"start":{"line":11,"column":0},"end":{"line":11,"column":10}},"11":{"start":{"line":12,"column":0},"end":{"line":12,"column":7}},"12":{"start":{"line":13,"column":0},"end":{"line":13,"column":0}},"13":{"start":{"line":14,"column":0},"end":{"line":14,"column":1}},"14":{"start":{"line":15,"column":0},"end":{"line":15,"column":0}},"15":{"start":{"line":16,"column":0},"end":{"line":16,"column":76}},"16":{"start":{"line":17,"column":0},"end":{"line":17,"column":0}},"17":{"start":{"line":18,"column":0},"end":{"line":18,"column":33}},"18":{"start":{"line":19,"column":0},"end":{"line":19,"column":16}},"19":{"start":{"line":20,"column":0},"end":{"line":20,"column":35}},"20":{"start":{"line":21,"column":0},"end":{"line":21,"column":10}},"21":{"start":{"line":22,"column":0},"end":{"line":22,"column":15}},"22":{"start":{"line":23,"column":0},"end":{"line":23,"column":29}},"23":{"start":{"line":24,"column":0},"end":{"line":24,"column":10}},"24":{"start":{"line":25,"column":0},"end":{"line":25,"column":7}},"25":{"start":{"line":26,"column":0},"end":{"line":26,"column":0}},"26":{"start":{"line":27,"column":0},"end":{"line":27,"column":1}}},"s":{"0":1,"1":1,"2":1,"3":1,"4":1,"5":1,"6":1,"7":1,"8":1,"9":1,"10":1,"11":1,"12":1,"13":1,"14":1,"15":1,"16":1,"17":1,"18":1,"19":1,"20":1,"21":1,"22":1,"23":1,"24":1,"25":1,"26":1},"branchMap":{"0":{"type":"branch","line":3,"loc":{"start":{"line":3,"column":36},"end":{"line":14,"column":1}},"locations":[{"start":{"line":3,"column":36},"end":{"line":14,"column":1}}]},"1":{"type":"branch","line":3,"loc":{"start":{"line":3,"column":79},"end":{"line":14,"column":1}},"locations":[{"start":{"line":3,"column":79},"end":{"line":14,"column":1}}]},"2":{"type":"branch","line":16,"loc":{"start":{"line":16,"column":29},"end":{"line":27,"column":1}},"locations":[{"start":{"line":16,"column":29},"end":{"line":27,"column":1}}]},"3":{"type":"branch","line":16,"loc":{"start":{"line":16,"column":74},"end":{"line":27,"column":1}},"locations":[{"start":{"line":16,"column":74},"end":{"line":27,"column":1}}]}},"b":{"0":[1],"1":[1],"2":[1],"3":[1]},"fnMap":{"0":{"name":"updateSeccionesCurso","decl":{"start":{"line":3,"column":36},"end":{"line":14,"column":1}},"loc":{"start":{"line":3,"column":36},"end":{"line":14,"column":1}},"line":3},"1":{"name":"updateSeccion","decl":{"start":{"line":16,"column":29},"end":{"line":27,"column":1}},"loc":{"start":{"line":16,"column":29},"end":{"line":27,"column":1}},"line":16}},"f":{"0":1,"1":1}}
}
