TN:
SF:src\app.ts
FN:11,main
FNF:1
FNH:1
FNDA:1,main
DA:1,1
DA:2,1
DA:3,1
DA:4,1
DA:5,1
DA:6,1
DA:7,1
DA:8,1
DA:9,1
DA:10,1
DA:11,1
DA:12,1
DA:13,1
DA:14,1
DA:15,1
DA:16,1
DA:17,1
DA:18,1
DA:19,1
DA:20,1
LF:20
LH:20
BRDA:5,0,0,1
BRDA:5,1,0,1
BRDA:11,2,0,1
BRF:3
BRH:3
end_of_record
TN:
SF:src\config\bcript.adapter.ts
FN:5,hash
FN:10,compare
FNF:2
FNH:2
FNDA:2,hash
FNDA:8,compare
DA:1,1
DA:2,1
DA:3,1
DA:4,1
DA:5,1
DA:6,2
DA:7,2
DA:8,2
DA:9,1
DA:10,1
DA:11,8
DA:12,8
DA:13,1
DA:14,1
LF:14
LH:14
BRDA:5,0,0,2
BRDA:10,1,0,8
BRF:2
BRH:2
end_of_record
TN:
SF:src\config\index.ts
FN:1,get
FN:2,get
FN:3,get
FNF:3
FNH:3
FNDA:35,get
FNDA:10,get
FNDA:33,get
DA:1,1
DA:2,1
DA:3,1
LF:3
LH:3
BRDA:1,0,0,35
BRDA:2,1,0,10
BRDA:3,2,0,33
BRF:3
BRH:3
end_of_record
TN:
SF:src\config\jwt.adapter.ts
FN:5,generateToken
FN:21,validateToken
FNF:2
FNH:2
FNDA:9,generateToken
FNDA:24,validateToken
DA:1,1
DA:2,1
DA:3,1
DA:4,1
DA:5,1
DA:6,9
DA:7,9
DA:8,9
DA:9,9
DA:10,9
DA:11,9
DA:12,9
DA:13,9
DA:14,9
DA:15,9
DA:16,9
DA:17,9
DA:18,9
DA:19,9
DA:20,1
DA:21,1
DA:22,24
DA:23,24
DA:24,24
DA:25,24
DA:26,24
DA:27,24
DA:28,24
DA:29,24
DA:30,24
DA:31,24
DA:32,24
DA:33,24
DA:34,24
DA:35,24
DA:36,1
DA:37,1
LF:37
LH:37
BRDA:5,0,0,9
BRDA:5,1,0,9
BRDA:7,2,0,9
BRDA:9,3,0,9
BRDA:11,4,0,0
BRDA:21,5,0,24
BRDA:23,6,0,24
BRDA:25,7,0,24
BRDA:27,8,0,0
BRF:9
BRH:7
end_of_record
TN:
SF:src\config\plugins\env-plugins.ts
FNF:0
FNH:0
DA:1,1
DA:2,1
DA:3,1
DA:4,1
DA:5,1
DA:6,1
DA:7,1
LF:7
LH:7
BRF:0
BRH:0
end_of_record
TN:
SF:src\data\postgres\index.ts
FNF:0
FNH:0
DA:1,1
DA:2,1
DA:3,1
LF:3
LH:3
BRF:0
BRH:0
end_of_record
TN:
SF:src\domain\DTOs\index.ts
FN:1,get
FN:2,get
FN:3,get
FN:5,get
FN:6,get
FN:7,get
FN:9,get
FN:10,get
FN:12,get
FN:14,get
FN:15,get
FN:17,get
FN:18,get
FN:20,get
FN:21,get
FN:23,get
FN:24,get
FN:26,get
FN:27,get
FNF:19
FNH:9
FNDA:10,get
FNDA:1,get
FNDA:1,get
FNDA:0,get
FNDA:3,get
FNDA:2,get
FNDA:0,get
FNDA:0,get
FNDA:0,get
FNDA:2,get
FNDA:1,get
FNDA:0,get
FNDA:0,get
FNDA:2,get
FNDA:2,get
FNDA:0,get
FNDA:0,get
FNDA:0,get
FNDA:0,get
DA:1,1
DA:2,1
DA:3,1
DA:4,1
DA:5,1
DA:6,1
DA:7,1
DA:8,1
DA:9,1
DA:10,1
DA:11,1
DA:12,1
DA:13,1
DA:14,1
DA:15,1
DA:16,1
DA:17,1
DA:18,1
DA:19,1
DA:20,1
DA:21,1
DA:22,1
DA:23,1
DA:24,1
DA:25,1
DA:26,1
DA:27,1
LF:27
LH:27
BRDA:1,0,0,10
BRDA:2,1,0,1
BRDA:3,2,0,1
BRDA:6,3,0,3
BRDA:7,4,0,2
BRDA:14,5,0,2
BRDA:15,6,0,1
BRDA:20,7,0,2
BRDA:21,8,0,2
BRF:9
BRH:9
end_of_record
TN:
SF:src\domain\DTOs\auth\login-user.dto.ts
FN:16,LoginUserDTO
FN:22,login
FNF:2
FNH:2
FNDA:9,LoginUserDTO
FNDA:10,login
DA:1,1
DA:2,1
DA:3,1
DA:4,1
DA:5,1
DA:6,1
DA:7,1
DA:8,1
DA:9,1
DA:10,1
DA:11,1
DA:12,1
DA:13,1
DA:14,1
DA:15,1
DA:16,1
DA:17,9
DA:18,9
DA:19,9
DA:20,9
DA:21,1
DA:22,1
DA:23,10
DA:24,10
DA:25,10
DA:26,10
DA:27,10
DA:28,9
DA:29,9
DA:30,9
DA:31,9
DA:32,9
DA:33,9
DA:34,1
DA:35,1
LF:35
LH:35
BRDA:16,0,0,9
BRDA:22,1,0,10
BRDA:26,2,0,1
BRDA:27,3,0,9
BRDA:27,4,0,0
BRDA:28,5,0,9
BRF:6
BRH:5
end_of_record
TN:
SF:src\domain\DTOs\auth\register-user.dto.ts
FN:26,RegisterUserDTO
FN:37,create
FNF:2
FNH:2
FNDA:1,RegisterUserDTO
FNDA:1,create
DA:1,1
DA:2,1
DA:3,1
DA:4,1
DA:5,1
DA:6,1
DA:7,1
DA:8,1
DA:9,1
DA:10,1
DA:11,1
DA:12,1
DA:13,1
DA:14,1
DA:15,1
DA:16,1
DA:17,1
DA:18,1
DA:19,1
DA:20,1
DA:21,1
DA:22,1
DA:23,1
DA:24,1
DA:25,1
DA:26,1
DA:27,1
DA:28,1
DA:29,1
DA:30,1
DA:31,1
DA:32,1
DA:33,1
DA:34,1
DA:35,1
DA:36,1
DA:37,1
DA:38,1
DA:39,1
DA:40,1
DA:41,1
DA:42,1
DA:43,1
DA:44,1
DA:45,1
DA:46,1
DA:47,1
DA:48,1
DA:49,1
DA:50,1
DA:51,1
DA:52,1
LF:52
LH:52
BRDA:26,0,0,1
BRDA:37,1,0,1
BRDA:41,2,0,0
BRDA:42,3,0,0
BRDA:43,4,0,0
BRDA:44,5,0,0
BRF:6
BRH:2
end_of_record
TN:
SF:src\domain\DTOs\auth\update-user.dto.ts
FN:26,UpdateUserDTO
FN:37,get valuesToUpdate
FN:52,get nothingToUpdate
FN:67,get passwordToUpdate
FN:82,update
FNF:5
FNH:5
FNDA:1,UpdateUserDTO
FNDA:1,get valuesToUpdate
FNDA:1,get nothingToUpdate
FNDA:2,get passwordToUpdate
FNDA:1,update
DA:1,1
DA:2,1
DA:3,1
DA:4,1
DA:5,1
DA:6,1
DA:7,1
DA:8,1
DA:9,1
DA:10,1
DA:11,1
DA:12,1
DA:13,1
DA:14,1
DA:15,1
DA:16,1
DA:17,1
DA:18,1
DA:19,1
DA:20,1
DA:21,1
DA:22,1
DA:23,1
DA:24,1
DA:25,1
DA:26,1
DA:27,1
DA:28,1
DA:29,1
DA:30,1
DA:31,1
DA:32,1
DA:33,1
DA:34,1
DA:35,1
DA:36,1
DA:37,1
DA:38,1
DA:39,1
DA:40,1
DA:41,1
DA:42,1
DA:43,1
DA:44,1
DA:45,1
DA:46,1
DA:47,1
DA:48,1
DA:49,1
DA:50,1
DA:51,1
DA:52,1
DA:53,1
DA:54,1
DA:55,1
DA:56,1
DA:57,1
DA:58,1
DA:59,1
DA:60,1
DA:61,1
DA:62,0
DA:63,0
DA:64,0
DA:65,0
DA:66,1
DA:67,1
DA:68,2
DA:69,2
DA:70,2
DA:71,2
DA:72,2
DA:73,2
DA:74,2
DA:75,2
DA:76,2
DA:77,0
DA:78,0
DA:79,0
DA:80,0
DA:81,1
DA:82,1
DA:83,1
DA:84,1
DA:85,1
DA:86,1
DA:87,1
DA:88,1
DA:89,1
DA:90,1
DA:91,1
DA:92,1
DA:93,1
DA:94,1
LF:94
LH:86
BRDA:26,0,0,1
BRDA:37,1,0,1
BRDA:42,2,0,0
BRDA:43,3,0,0
BRDA:44,4,0,0
BRDA:52,5,0,1
BRDA:62,6,0,0
BRDA:67,7,0,2
BRDA:77,8,0,0
BRDA:82,9,0,1
BRDA:86,10,0,0
BRF:11
BRH:5
end_of_record
TN:
SF:src\domain\DTOs\clase\create-clase.dto.ts
FN:24,CreateClaseDTO
FN:34,ReadyToCreateClase
FN:71,create
FNF:3
FNH:0
FNDA:0,CreateClaseDTO
FNDA:0,ReadyToCreateClase
FNDA:0,create
DA:1,1
DA:2,1
DA:3,1
DA:4,1
DA:5,1
DA:6,1
DA:7,1
DA:8,1
DA:9,1
DA:10,1
DA:11,1
DA:12,1
DA:13,1
DA:14,1
DA:15,1
DA:16,1
DA:17,1
DA:18,1
DA:19,1
DA:20,1
DA:21,1
DA:22,1
DA:23,1
DA:24,1
DA:25,0
DA:26,0
DA:27,0
DA:28,0
DA:29,0
DA:30,0
DA:31,0
DA:32,0
DA:33,1
DA:34,1
DA:35,0
DA:36,0
DA:37,0
DA:38,0
DA:39,0
DA:40,0
DA:41,0
DA:42,0
DA:43,0
DA:44,0
DA:45,0
DA:46,0
DA:47,0
DA:48,0
DA:49,0
DA:50,0
DA:51,0
DA:52,0
DA:53,0
DA:54,0
DA:55,0
DA:56,0
DA:57,0
DA:58,0
DA:59,0
DA:60,0
DA:61,0
DA:62,0
DA:63,0
DA:64,0
DA:65,0
DA:66,0
DA:67,0
DA:68,0
DA:69,0
DA:70,1
DA:71,1
DA:72,0
DA:73,0
DA:74,0
DA:75,0
DA:76,0
DA:77,0
DA:78,0
DA:79,0
DA:80,0
DA:81,0
DA:82,0
DA:83,0
DA:84,0
DA:85,0
DA:86,0
DA:87,0
DA:88,0
DA:89,0
DA:90,1
DA:91,1
LF:91
LH:30
BRF:0
BRH:0
end_of_record
TN:
SF:src\domain\DTOs\clase\update-clase.dto.ts
FN:24,UpdateClaseDTO
FN:34,nothingToUpdate
FN:44,get valuesToUpdate
FN:66,update
FNF:4
FNH:0
FNDA:0,UpdateClaseDTO
FNDA:0,nothingToUpdate
FNDA:0,get valuesToUpdate
FNDA:0,update
DA:1,1
DA:2,1
DA:3,1
DA:4,1
DA:5,1
DA:6,1
DA:7,1
DA:8,1
DA:9,1
DA:10,1
DA:11,1
DA:12,1
DA:13,1
DA:14,1
DA:15,1
DA:16,1
DA:17,1
DA:18,1
DA:19,1
DA:20,1
DA:21,1
DA:22,1
DA:23,1
DA:24,1
DA:25,0
DA:26,0
DA:27,0
DA:28,0
DA:29,0
DA:30,0
DA:31,0
DA:32,0
DA:33,1
DA:34,1
DA:35,0
DA:36,0
DA:37,0
DA:38,0
DA:39,0
DA:40,0
DA:41,0
DA:42,0
DA:43,1
DA:44,1
DA:45,0
DA:46,0
DA:47,0
DA:48,0
DA:49,0
DA:50,0
DA:51,0
DA:52,0
DA:53,0
DA:54,0
DA:55,0
DA:56,0
DA:57,0
DA:58,0
DA:59,0
DA:60,0
DA:61,0
DA:62,0
DA:63,0
DA:64,0
DA:65,1
DA:66,1
DA:67,0
DA:68,0
DA:69,0
DA:70,0
DA:71,0
DA:72,0
DA:73,0
DA:74,0
DA:75,0
DA:76,0
DA:77,1
DA:78,1
LF:78
LH:32
BRF:0
BRH:0
end_of_record
TN:
SF:src\domain\DTOs\course\create-course.dto.ts
FN:30,CreateCourseDTO
FN:43,ReadyToCreateCourse
FN:71,create
FNF:3
FNH:0
FNDA:0,CreateCourseDTO
FNDA:0,ReadyToCreateCourse
FNDA:0,create
DA:1,1
DA:2,1
DA:3,1
DA:4,1
DA:5,1
DA:6,1
DA:7,1
DA:8,1
DA:9,1
DA:10,1
DA:11,1
DA:12,1
DA:13,1
DA:14,1
DA:15,1
DA:16,1
DA:17,1
DA:18,1
DA:19,1
DA:20,1
DA:21,1
DA:22,1
DA:23,1
DA:24,1
DA:25,1
DA:26,1
DA:27,1
DA:28,1
DA:29,1
DA:30,1
DA:31,0
DA:32,0
DA:33,0
DA:34,0
DA:35,0
DA:36,0
DA:37,0
DA:38,0
DA:39,0
DA:40,0
DA:41,0
DA:42,1
DA:43,1
DA:44,0
DA:45,0
DA:46,0
DA:47,0
DA:48,0
DA:49,0
DA:50,0
DA:51,0
DA:52,0
DA:53,0
DA:54,0
DA:55,0
DA:56,0
DA:57,0
DA:58,0
DA:59,0
DA:60,0
DA:61,0
DA:62,0
DA:63,0
DA:64,0
DA:65,0
DA:66,0
DA:67,0
DA:68,0
DA:69,0
DA:70,1
DA:71,1
DA:72,0
DA:73,0
DA:74,0
DA:75,0
DA:76,0
DA:77,0
DA:78,0
DA:79,0
DA:80,0
DA:81,0
DA:82,0
DA:83,0
DA:84,0
DA:85,0
DA:86,0
DA:87,0
DA:88,0
DA:89,0
DA:90,0
DA:91,0
DA:92,0
DA:93,1
DA:94,1
LF:94
LH:36
BRF:0
BRH:0
end_of_record
TN:
SF:src\domain\DTOs\course\getAll-courses.dto.ts
FN:16,GetAllCoursesDTO
FN:22,getAll
FNF:2
FNH:2
FNDA:2,GetAllCoursesDTO
FNDA:2,getAll
DA:1,1
DA:2,1
DA:3,1
DA:4,1
DA:5,1
DA:6,1
DA:7,1
DA:8,1
DA:9,1
DA:10,1
DA:11,1
DA:12,1
DA:13,1
DA:14,1
DA:15,1
DA:16,1
DA:17,2
DA:18,2
DA:19,2
DA:20,2
DA:21,1
DA:22,1
DA:23,2
DA:24,2
DA:25,2
DA:26,2
DA:27,2
DA:28,2
DA:29,2
DA:30,2
DA:31,2
DA:32,2
DA:33,2
DA:34,2
DA:35,2
DA:36,1
DA:37,1
LF:37
LH:37
BRDA:16,0,0,2
BRDA:22,1,0,2
BRDA:26,2,0,0
BRDA:27,3,0,1
BRDA:27,4,0,0
BRDA:29,5,0,0
BRF:6
BRH:3
end_of_record
TN:
SF:src\domain\DTOs\course\update-course.dto.ts
FN:29,UpdateCourseDTO
FN:42,nothingToUpdate
FN:52,get valuesToUpdate
FN:64,update
FNF:4
FNH:4
FNDA:3,UpdateCourseDTO
FNDA:3,nothingToUpdate
FNDA:1,get valuesToUpdate
FNDA:3,update
DA:1,1
DA:2,1
DA:3,1
DA:4,1
DA:5,1
DA:6,1
DA:7,1
DA:8,1
DA:9,1
DA:10,1
DA:11,1
DA:12,1
DA:13,1
DA:14,1
DA:15,1
DA:16,1
DA:17,1
DA:18,1
DA:19,1
DA:20,1
DA:21,1
DA:22,1
DA:23,1
DA:24,1
DA:25,1
DA:26,1
DA:27,1
DA:28,1
DA:29,1
DA:30,3
DA:31,3
DA:32,3
DA:33,3
DA:34,3
DA:35,3
DA:36,3
DA:37,3
DA:38,3
DA:39,3
DA:40,3
DA:41,1
DA:42,1
DA:43,3
DA:44,3
DA:45,11
DA:46,11
DA:47,1
DA:48,1
DA:49,1
DA:50,1
DA:51,1
DA:52,1
DA:53,1
DA:54,1
DA:55,1
DA:56,1
DA:57,8
DA:58,8
DA:59,1
DA:60,1
DA:61,1
DA:62,1
DA:63,1
DA:64,1
DA:65,3
DA:66,3
DA:67,3
DA:68,3
DA:69,3
DA:70,3
DA:71,3
DA:72,3
DA:73,3
DA:74,1
DA:75,1
LF:75
LH:75
BRDA:29,0,0,3
BRDA:42,1,0,3
BRDA:44,2,0,11
BRDA:45,3,0,3
BRDA:45,4,0,2
BRDA:47,5,0,1
BRDA:52,6,0,1
BRDA:56,7,0,8
BRDA:57,8,0,3
BRDA:57,9,0,2
BRDA:64,10,0,3
BRDA:67,11,0,0
BRF:12
BRH:11
end_of_record
TN:
SF:src\domain\DTOs\curso-tema\create-curso-tema.dto.ts
FN:16,CreateCourseTopicDTO
FN:22,ReadyToCreateCoursesTopics
FN:55,create
FNF:3
FNH:0
FNDA:0,CreateCourseTopicDTO
FNDA:0,ReadyToCreateCoursesTopics
FNDA:0,create
DA:1,1
DA:2,1
DA:3,1
DA:4,1
DA:5,1
DA:6,1
DA:7,1
DA:8,1
DA:9,1
DA:10,1
DA:11,1
DA:12,1
DA:13,1
DA:14,1
DA:15,1
DA:16,1
DA:17,0
DA:18,0
DA:19,0
DA:20,0
DA:21,1
DA:22,1
DA:23,0
DA:24,0
DA:25,0
DA:26,0
DA:27,0
DA:28,0
DA:29,0
DA:30,0
DA:31,0
DA:32,0
DA:33,0
DA:34,0
DA:35,0
DA:36,0
DA:37,0
DA:38,0
DA:39,0
DA:40,0
DA:41,0
DA:42,0
DA:43,0
DA:44,0
DA:45,0
DA:46,0
DA:47,0
DA:48,0
DA:49,0
DA:50,0
DA:51,0
DA:52,0
DA:53,0
DA:54,1
DA:55,1
DA:56,0
DA:57,0
DA:58,0
DA:59,0
DA:60,0
DA:61,0
DA:62,0
DA:63,0
DA:64,0
DA:65,1
DA:66,1
LF:66
LH:22
BRF:0
BRH:0
end_of_record
TN:
SF:src\domain\DTOs\formacion\create-formacion.dto.ts
FN:16,CreateFormacionDTO
FN:22,ReadyToCreateFormaciones
FN:55,create
FNF:3
FNH:3
FNDA:1,CreateFormacionDTO
FNDA:2,ReadyToCreateFormaciones
FNDA:2,create
DA:1,1
DA:2,1
DA:3,1
DA:4,1
DA:5,1
DA:6,1
DA:7,1
DA:8,1
DA:9,1
DA:10,1
DA:11,1
DA:12,1
DA:13,1
DA:14,1
DA:15,1
DA:16,1
DA:17,1
DA:18,1
DA:19,1
DA:20,1
DA:21,1
DA:22,1
DA:23,2
DA:24,2
DA:25,2
DA:26,2
DA:27,2
DA:28,2
DA:29,4
DA:30,4
DA:31,1
DA:32,1
DA:33,4
DA:34,4
DA:35,1
DA:36,2
DA:37,2
DA:38,2
DA:39,2
DA:40,1
DA:41,1
DA:42,2
DA:43,2
DA:44,1
DA:45,1
DA:46,1
DA:47,2
DA:48,2
DA:49,2
DA:50,1
DA:51,1
DA:52,1
DA:53,1
DA:54,1
DA:55,1
DA:56,2
DA:57,2
DA:58,2
DA:59,1
DA:60,1
DA:61,1
DA:62,1
DA:63,1
DA:64,1
DA:65,1
DA:66,1
DA:67,1
DA:68,1
LF:68
LH:68
BRDA:16,0,0,1
BRDA:22,1,0,2
BRDA:28,2,0,4
BRDA:30,3,0,1
BRDA:35,4,0,1
BRDA:39,5,0,1
BRDA:40,6,0,0
BRDA:43,7,0,1
BRDA:44,8,0,0
BRDA:45,9,0,0
BRDA:50,10,0,1
BRDA:55,11,0,2
BRDA:58,12,0,1
BRDA:60,13,0,1
BRF:14
BRH:11
end_of_record
TN:
SF:src\domain\DTOs\formacion\update-formacion.dto.ts
FN:16,UpdateFormacionDTO
FN:22,nothingToUpdate
FN:32,get valuesToUpdate
FN:44,update
FNF:4
FNH:4
FNDA:2,UpdateFormacionDTO
FNDA:2,nothingToUpdate
FNDA:1,get valuesToUpdate
FNDA:2,update
DA:1,1
DA:2,1
DA:3,1
DA:4,1
DA:5,1
DA:6,1
DA:7,1
DA:8,1
DA:9,1
DA:10,1
DA:11,1
DA:12,1
DA:13,1
DA:14,1
DA:15,1
DA:16,1
DA:17,2
DA:18,2
DA:19,2
DA:20,2
DA:21,1
DA:22,1
DA:23,2
DA:24,2
DA:25,2
DA:26,2
DA:27,0
DA:28,0
DA:29,0
DA:30,0
DA:31,1
DA:32,1
DA:33,1
DA:34,1
DA:35,1
DA:36,1
DA:37,2
DA:38,2
DA:39,1
DA:40,1
DA:41,1
DA:42,1
DA:43,1
DA:44,1
DA:45,2
DA:46,2
DA:47,2
DA:48,2
DA:49,2
DA:50,2
DA:51,2
DA:52,2
DA:53,2
DA:54,2
DA:55,1
DA:56,1
LF:56
LH:52
BRDA:16,0,0,2
BRDA:22,1,0,2
BRDA:27,2,0,0
BRDA:32,3,0,1
BRDA:36,4,0,2
BRDA:37,5,0,1
BRDA:44,6,0,2
BRDA:48,7,0,0
BRF:8
BRH:6
end_of_record
TN:
SF:src\domain\DTOs\requisito\create-requisito.dto.ts
FN:16,CreateRequisitoDTO
FN:22,ReadyToCreateRequisitos
FN:55,create
FNF:3
FNH:0
FNDA:0,CreateRequisitoDTO
FNDA:0,ReadyToCreateRequisitos
FNDA:0,create
DA:1,1
DA:2,1
DA:3,1
DA:4,1
DA:5,1
DA:6,1
DA:7,1
DA:8,1
DA:9,1
DA:10,1
DA:11,1
DA:12,1
DA:13,1
DA:14,1
DA:15,1
DA:16,1
DA:17,0
DA:18,0
DA:19,0
DA:20,0
DA:21,1
DA:22,1
DA:23,0
DA:24,0
DA:25,0
DA:26,0
DA:27,0
DA:28,0
DA:29,0
DA:30,0
DA:31,0
DA:32,0
DA:33,0
DA:34,0
DA:35,0
DA:36,0
DA:37,0
DA:38,0
DA:39,0
DA:40,0
DA:41,0
DA:42,0
DA:43,0
DA:44,0
DA:45,0
DA:46,0
DA:47,0
DA:48,0
DA:49,0
DA:50,0
DA:51,0
DA:52,0
DA:53,0
DA:54,1
DA:55,1
DA:56,0
DA:57,0
DA:58,0
DA:59,0
DA:60,0
DA:61,0
DA:62,0
DA:63,0
DA:64,0
DA:65,0
DA:66,0
DA:67,1
DA:68,1
LF:68
LH:22
BRF:0
BRH:0
end_of_record
TN:
SF:src\domain\DTOs\requisito\update-requisito.dto.ts
FN:16,UpdateRequisitoDTO
FN:22,nothingToUpdate
FN:32,get valuesToUpdate
FN:44,update
FNF:4
FNH:0
FNDA:0,UpdateRequisitoDTO
FNDA:0,nothingToUpdate
FNDA:0,get valuesToUpdate
FNDA:0,update
DA:1,1
DA:2,1
DA:3,1
DA:4,1
DA:5,1
DA:6,1
DA:7,1
DA:8,1
DA:9,1
DA:10,1
DA:11,1
DA:12,1
DA:13,1
DA:14,1
DA:15,1
DA:16,1
DA:17,0
DA:18,0
DA:19,0
DA:20,0
DA:21,1
DA:22,1
DA:23,0
DA:24,0
DA:25,0
DA:26,0
DA:27,0
DA:28,0
DA:29,0
DA:30,0
DA:31,1
DA:32,1
DA:33,0
DA:34,0
DA:35,0
DA:36,0
DA:37,0
DA:38,0
DA:39,0
DA:40,0
DA:41,0
DA:42,0
DA:43,1
DA:44,1
DA:45,0
DA:46,0
DA:47,0
DA:48,0
DA:49,0
DA:50,0
DA:51,0
DA:52,0
DA:53,0
DA:54,1
DA:55,1
LF:55
LH:24
BRF:0
BRH:0
end_of_record
TN:
SF:src\domain\DTOs\seccion\create-seccion.dto.ts
FN:18,CreateSeccionDTO
FN:25,ReadyToCreateSeccion
FN:54,create
FNF:3
FNH:3
FNDA:1,CreateSeccionDTO
FNDA:2,ReadyToCreateSeccion
FNDA:2,create
DA:1,1
DA:2,1
DA:3,1
DA:4,1
DA:5,1
DA:6,1
DA:7,1
DA:8,1
DA:9,1
DA:10,1
DA:11,1
DA:12,1
DA:13,1
DA:14,1
DA:15,1
DA:16,1
DA:17,1
DA:18,1
DA:19,1
DA:20,1
DA:21,1
DA:22,1
DA:23,1
DA:24,1
DA:25,1
DA:26,2
DA:27,2
DA:28,2
DA:29,2
DA:30,6
DA:31,6
DA:32,1
DA:33,1
DA:34,6
DA:35,6
DA:36,1
DA:37,2
DA:38,4
DA:39,4
DA:40,4
DA:41,1
DA:42,1
DA:43,4
DA:44,4
DA:45,2
DA:46,2
DA:47,2
DA:48,4
DA:49,4
DA:50,4
DA:51,1
DA:52,1
DA:53,1
DA:54,1
DA:55,2
DA:56,2
DA:57,2
DA:58,2
DA:59,2
DA:60,1
DA:61,1
DA:62,1
DA:63,1
DA:64,1
DA:65,1
DA:66,1
DA:67,1
LF:67
LH:67
BRDA:18,0,0,1
BRDA:25,1,0,2
BRDA:29,2,0,6
BRDA:31,3,0,1
BRDA:36,4,0,1
BRDA:37,5,0,4
BRDA:40,6,0,1
BRDA:41,7,0,0
BRDA:44,8,0,2
BRDA:45,9,0,0
BRDA:46,10,0,0
BRDA:51,11,0,1
BRDA:54,12,0,2
BRDA:59,13,0,1
BRF:14
BRH:11
end_of_record
TN:
SF:src\domain\DTOs\seccion\update-seccion.dto.ts
FN:18,UpdateSeccionDTO
FN:25,nothingToUpdate
FN:35,get valuesToUpdate
FN:47,update
FNF:4
FNH:4
FNDA:1,UpdateSeccionDTO
FNDA:1,nothingToUpdate
FNDA:1,get valuesToUpdate
FNDA:1,update
DA:1,1
DA:2,1
DA:3,1
DA:4,1
DA:5,1
DA:6,1
DA:7,1
DA:8,1
DA:9,1
DA:10,1
DA:11,1
DA:12,1
DA:13,1
DA:14,1
DA:15,1
DA:16,1
DA:17,1
DA:18,1
DA:19,1
DA:20,1
DA:21,1
DA:22,1
DA:23,1
DA:24,1
DA:25,1
DA:26,1
DA:27,1
DA:28,2
DA:29,2
DA:30,0
DA:31,0
DA:32,0
DA:33,0
DA:34,1
DA:35,1
DA:36,1
DA:37,1
DA:38,1
DA:39,1
DA:40,3
DA:41,3
DA:42,1
DA:43,1
DA:44,1
DA:45,1
DA:46,1
DA:47,1
DA:48,1
DA:49,1
DA:50,1
DA:51,1
DA:52,1
DA:53,1
DA:54,1
DA:55,1
DA:56,1
DA:57,1
DA:58,1
DA:59,1
LF:59
LH:55
BRDA:18,0,0,1
BRDA:25,1,0,1
BRDA:27,2,0,2
BRDA:28,3,0,1
BRDA:30,4,0,0
BRDA:35,5,0,1
BRDA:39,6,0,3
BRDA:40,7,0,2
BRDA:47,8,0,1
BRDA:51,9,0,0
BRF:10
BRH:8
end_of_record
TN:
SF:src\domain\DTOs\tema\create-tema.dto.ts
FN:14,CreateTemaDTO
FN:19,ReadyToCreateTemas
FN:51,create
FNF:3
FNH:0
FNDA:0,CreateTemaDTO
FNDA:0,ReadyToCreateTemas
FNDA:0,create
DA:1,1
DA:2,1
DA:3,1
DA:4,1
DA:5,1
DA:6,1
DA:7,1
DA:8,1
DA:9,1
DA:10,1
DA:11,1
DA:12,1
DA:13,1
DA:14,1
DA:15,0
DA:16,0
DA:17,0
DA:18,1
DA:19,1
DA:20,0
DA:21,0
DA:22,0
DA:23,0
DA:24,0
DA:25,0
DA:26,0
DA:27,0
DA:28,0
DA:29,0
DA:30,0
DA:31,0
DA:32,0
DA:33,0
DA:34,0
DA:35,0
DA:36,0
DA:37,0
DA:38,0
DA:39,0
DA:40,0
DA:41,0
DA:42,0
DA:43,0
DA:44,0
DA:45,0
DA:46,0
DA:47,0
DA:48,0
DA:49,0
DA:50,1
DA:51,1
DA:52,0
DA:53,0
DA:54,0
DA:55,0
DA:56,0
DA:57,0
DA:58,0
DA:59,0
DA:60,0
DA:61,1
DA:62,1
LF:62
LH:20
BRF:0
BRH:0
end_of_record
TN:
SF:src\domain\DTOs\tema\update-tema.dto.ts
FN:16,UpdateTemaDTO
FN:22,nothingToUpdate
FN:32,get valuesToUpdate
FN:44,update
FNF:4
FNH:0
FNDA:0,UpdateTemaDTO
FNDA:0,nothingToUpdate
FNDA:0,get valuesToUpdate
FNDA:0,update
DA:1,1
DA:2,1
DA:3,1
DA:4,1
DA:5,1
DA:6,1
DA:7,1
DA:8,1
DA:9,1
DA:10,1
DA:11,1
DA:12,1
DA:13,1
DA:14,1
DA:15,1
DA:16,1
DA:17,0
DA:18,0
DA:19,0
DA:20,0
DA:21,1
DA:22,1
DA:23,0
DA:24,0
DA:25,0
DA:26,0
DA:27,0
DA:28,0
DA:29,0
DA:30,0
DA:31,1
DA:32,1
DA:33,0
DA:34,0
DA:35,0
DA:36,0
DA:37,0
DA:38,0
DA:39,0
DA:40,0
DA:41,0
DA:42,0
DA:43,1
DA:44,1
DA:45,0
DA:46,0
DA:47,0
DA:48,0
DA:49,0
DA:50,0
DA:51,0
DA:52,0
DA:53,0
DA:54,1
DA:55,1
LF:55
LH:24
BRF:0
BRH:0
end_of_record
TN:
SF:src\domain\DTOs\usuario-curso\create-usuario-course.dto.ts
FN:19,CreateUserCourseDTO
FN:27,create
FNF:2
FNH:0
FNDA:0,CreateUserCourseDTO
FNDA:0,create
DA:1,1
DA:2,1
DA:3,1
DA:4,1
DA:5,1
DA:6,1
DA:7,1
DA:8,1
DA:9,1
DA:10,1
DA:11,1
DA:12,1
DA:13,1
DA:14,1
DA:15,1
DA:16,1
DA:17,1
DA:18,1
DA:19,1
DA:20,0
DA:21,0
DA:22,0
DA:23,0
DA:24,0
DA:25,0
DA:26,1
DA:27,1
DA:28,0
DA:29,0
DA:30,0
DA:31,0
DA:32,0
DA:33,0
DA:34,0
DA:35,0
DA:36,0
DA:37,0
DA:38,0
DA:39,0
DA:40,1
DA:41,1
LF:41
LH:23
BRF:0
BRH:0
end_of_record
TN:
SF:src\domain\DTOs\usuario-curso\update-usuario-course.dto.ts
FN:18,UpdateUserCourseDTO
FN:25,get valuesToUpdate
FN:37,update
FNF:3
FNH:0
FNDA:0,UpdateUserCourseDTO
FNDA:0,get valuesToUpdate
FNDA:0,update
DA:1,1
DA:2,1
DA:3,1
DA:4,1
DA:5,1
DA:6,1
DA:7,1
DA:8,1
DA:9,1
DA:10,1
DA:11,1
DA:12,1
DA:13,1
DA:14,1
DA:15,1
DA:16,1
DA:17,1
DA:18,1
DA:19,0
DA:20,0
DA:21,0
DA:22,0
DA:23,0
DA:24,1
DA:25,1
DA:26,0
DA:27,0
DA:28,0
DA:29,0
DA:30,0
DA:31,0
DA:32,0
DA:33,0
DA:34,0
DA:35,0
DA:36,1
DA:37,1
DA:38,0
DA:39,0
DA:40,0
DA:41,0
DA:42,0
DA:43,0
DA:44,0
DA:45,0
DA:46,0
DA:47,0
DA:48,1
DA:49,1
LF:49
LH:24
BRF:0
BRH:0
end_of_record
TN:
SF:src\domain\entities\allCursos.entity.ts
FN:30,AllCursosEntity
FN:42,fromObject
FNF:2
FNH:2
FNDA:3,AllCursosEntity
FNDA:3,fromObject
DA:1,1
DA:2,1
DA:3,1
DA:4,1
DA:5,1
DA:6,1
DA:7,1
DA:8,1
DA:9,1
DA:10,1
DA:11,1
DA:12,1
DA:13,1
DA:14,1
DA:15,1
DA:16,1
DA:17,1
DA:18,1
DA:19,1
DA:20,1
DA:21,1
DA:22,1
DA:23,1
DA:24,1
DA:25,1
DA:26,1
DA:27,1
DA:28,1
DA:29,1
DA:30,1
DA:31,3
DA:32,3
DA:33,3
DA:34,3
DA:35,3
DA:36,3
DA:37,3
DA:38,3
DA:39,3
DA:40,3
DA:41,1
DA:42,1
DA:43,3
DA:44,3
DA:45,3
DA:46,3
DA:47,3
DA:48,3
DA:49,1
DA:50,1
LF:50
LH:50
BRDA:30,0,0,3
BRDA:42,1,0,3
BRF:2
BRH:2
end_of_record
TN:
SF:src\domain\entities\clase.entity.ts
FN:21,ClaseEntity
FN:32,fromObject
FNF:2
FNH:0
FNDA:0,ClaseEntity
FNDA:0,fromObject
DA:1,1
DA:2,1
DA:3,1
DA:4,1
DA:5,1
DA:6,1
DA:7,1
DA:8,1
DA:9,1
DA:10,1
DA:11,1
DA:12,1
DA:13,1
DA:14,1
DA:15,1
DA:16,1
DA:17,1
DA:18,1
DA:19,1
DA:20,1
DA:21,1
DA:22,0
DA:23,0
DA:24,0
DA:25,0
DA:26,0
DA:27,0
DA:28,0
DA:29,0
DA:30,0
DA:31,1
DA:32,1
DA:33,0
DA:34,0
DA:35,0
DA:36,0
DA:37,0
DA:38,0
DA:39,1
DA:40,1
LF:40
LH:25
BRF:0
BRH:0
end_of_record
TN:
SF:src\domain\entities\curso.entity.ts
FN:28,CursoEntity
FN:43,fromObject
FNF:2
FNH:2
FNDA:2,CursoEntity
FNDA:2,fromObject
DA:1,1
DA:2,1
DA:3,1
DA:4,1
DA:5,1
DA:6,1
DA:7,1
DA:8,1
DA:9,1
DA:10,1
DA:11,1
DA:12,1
DA:13,1
DA:14,1
DA:15,1
DA:16,1
DA:17,1
DA:18,1
DA:19,1
DA:20,1
DA:21,1
DA:22,1
DA:23,1
DA:24,1
DA:25,1
DA:26,1
DA:27,1
DA:28,1
DA:29,2
DA:30,2
DA:31,2
DA:32,2
DA:33,2
DA:34,2
DA:35,2
DA:36,2
DA:37,2
DA:38,2
DA:39,2
DA:40,2
DA:41,2
DA:42,1
DA:43,1
DA:44,2
DA:45,2
DA:46,2
DA:47,2
DA:48,2
DA:49,2
DA:50,2
DA:51,2
DA:52,2
DA:53,2
DA:54,2
DA:55,2
DA:56,2
DA:57,2
DA:58,2
DA:59,2
DA:60,2
DA:61,1
DA:62,1
LF:62
LH:62
BRDA:28,0,0,2
BRDA:43,1,0,2
BRF:2
BRH:2
end_of_record
TN:
SF:src\domain\entities\cursoTema.entity.ts
FN:13,CursoTemaEntity
FN:20,fromObject
FN:28,fromObjects
FNF:3
FNH:0
FNDA:0,CursoTemaEntity
FNDA:0,fromObject
FNDA:0,fromObjects
DA:1,1
DA:2,1
DA:3,1
DA:4,1
DA:5,1
DA:6,1
DA:7,1
DA:8,1
DA:9,1
DA:10,1
DA:11,1
DA:12,1
DA:13,1
DA:14,0
DA:15,0
DA:16,0
DA:17,0
DA:18,0
DA:19,1
DA:20,1
DA:21,0
DA:22,0
DA:23,0
DA:24,0
DA:25,0
DA:26,0
DA:27,1
DA:28,1
DA:29,0
DA:30,0
DA:31,0
DA:32,0
DA:33,1
DA:34,1
LF:34
LH:19
BRF:0
BRH:0
end_of_record
TN:
SF:src\domain\entities\formacion.entity.ts
FN:13,FormacionEntity
FN:20,fromObjects
FN:24,fromObject
FNF:3
FNH:3
FNDA:4,FormacionEntity
FNDA:1,fromObjects
FNDA:3,fromObject
DA:1,1
DA:2,1
DA:3,1
DA:4,1
DA:5,1
DA:6,1
DA:7,1
DA:8,1
DA:9,1
DA:10,1
DA:11,1
DA:12,1
DA:13,1
DA:14,4
DA:15,4
DA:16,4
DA:17,4
DA:18,4
DA:19,1
DA:20,1
DA:21,1
DA:22,1
DA:23,1
DA:24,1
DA:25,3
DA:26,3
DA:27,3
DA:28,1
DA:29,1
LF:29
LH:29
BRDA:13,0,0,4
BRDA:20,1,0,1
BRDA:21,2,0,1
BRDA:24,3,0,3
BRF:4
BRH:4
end_of_record
TN:
SF:src\domain\entities\index.ts
FN:1,get
FN:2,get
FN:3,get
FN:4,get
FN:5,get
FN:6,get
FN:7,get
FN:8,get
FN:9,get
FN:10,get
FNF:10
FNH:5
FNDA:36,get
FNDA:2,get
FNDA:0,get
FNDA:0,get
FNDA:3,get
FNDA:4,get
FNDA:0,get
FNDA:4,get
FNDA:0,get
FNDA:0,get
DA:1,1
DA:2,1
DA:3,1
DA:4,1
DA:5,1
DA:6,1
DA:7,1
DA:8,1
DA:9,1
DA:10,1
LF:10
LH:10
BRDA:1,0,0,36
BRDA:2,1,0,2
BRDA:5,2,0,3
BRDA:6,3,0,4
BRDA:8,4,0,4
BRF:5
BRH:5
end_of_record
TN:
SF:src\domain\entities\requisito.entity.ts
FN:13,RequisitoEntity
FN:20,fromObject
FNF:2
FNH:0
FNDA:0,RequisitoEntity
FNDA:0,fromObject
DA:1,1
DA:2,1
DA:3,1
DA:4,1
DA:5,1
DA:6,1
DA:7,1
DA:8,1
DA:9,1
DA:10,1
DA:11,1
DA:12,1
DA:13,1
DA:14,0
DA:15,0
DA:16,0
DA:17,0
DA:18,0
DA:19,1
DA:20,1
DA:21,0
DA:22,0
DA:23,0
DA:24,0
DA:25,0
DA:26,0
DA:27,1
DA:28,1
LF:28
LH:17
BRF:0
BRH:0
end_of_record
TN:
SF:src\domain\entities\seccion.Entity.ts
FN:15,SeccionEntity
FN:23,fromObject
FNF:2
FNH:2
FNDA:4,SeccionEntity
FNDA:4,fromObject
DA:1,1
DA:2,1
DA:3,1
DA:4,1
DA:5,1
DA:6,1
DA:7,1
DA:8,1
DA:9,1
DA:10,1
DA:11,1
DA:12,1
DA:13,1
DA:14,1
DA:15,1
DA:16,4
DA:17,4
DA:18,4
DA:19,4
DA:20,4
DA:21,4
DA:22,1
DA:23,1
DA:24,4
DA:25,4
DA:26,4
DA:27,4
DA:28,4
DA:29,4
DA:30,1
DA:31,1
LF:31
LH:31
BRDA:15,0,0,4
BRDA:23,1,0,4
BRF:2
BRH:2
end_of_record
TN:
SF:src\domain\entities\tema.entity.ts
FN:11,TemaEntity
FN:17,fromObject
FNF:2
FNH:0
FNDA:0,TemaEntity
FNDA:0,fromObject
DA:1,1
DA:2,1
DA:3,1
DA:4,1
DA:5,1
DA:6,1
DA:7,1
DA:8,1
DA:9,1
DA:10,1
DA:11,1
DA:12,0
DA:13,0
DA:14,0
DA:15,0
DA:16,1
DA:17,1
DA:18,0
DA:19,0
DA:20,0
DA:21,0
DA:22,0
DA:23,0
DA:24,1
DA:25,1
LF:25
LH:15
BRF:0
BRH:0
end_of_record
TN:
SF:src\domain\entities\usuario.entity.ts
FN:23,UsuarioEntity
FN:35,fromObject
FNF:2
FNH:2
FNDA:36,UsuarioEntity
FNDA:36,fromObject
DA:1,1
DA:2,1
DA:3,1
DA:4,1
DA:5,1
DA:6,1
DA:7,1
DA:8,1
DA:9,1
DA:10,1
DA:11,1
DA:12,1
DA:13,1
DA:14,1
DA:15,1
DA:16,1
DA:17,1
DA:18,1
DA:19,1
DA:20,1
DA:21,1
DA:22,1
DA:23,1
DA:24,36
DA:25,36
DA:26,36
DA:27,36
DA:28,36
DA:29,36
DA:30,36
DA:31,36
DA:32,36
DA:33,36
DA:34,1
DA:35,1
DA:36,36
DA:37,36
DA:38,36
DA:39,36
DA:40,36
DA:41,36
DA:42,1
DA:43,1
LF:43
LH:43
BRDA:23,0,0,36
BRDA:35,1,0,36
BRF:2
BRH:2
end_of_record
TN:
SF:src\domain\entities\usuarioCurso.entity.ts
FN:15,UsuarioCursoEntity
FN:23,fromObject
FNF:2
FNH:0
FNDA:0,UsuarioCursoEntity
FNDA:0,fromObject
DA:1,1
DA:2,1
DA:3,1
DA:4,1
DA:5,1
DA:6,1
DA:7,1
DA:8,1
DA:9,1
DA:10,1
DA:11,1
DA:12,1
DA:13,1
DA:14,1
DA:15,1
DA:16,0
DA:17,0
DA:18,0
DA:19,0
DA:20,0
DA:21,0
DA:22,1
DA:23,1
DA:24,0
DA:25,0
DA:26,0
DA:27,0
DA:28,0
DA:29,0
DA:30,1
DA:31,1
LF:31
LH:19
BRF:0
BRH:0
end_of_record
TN:
SF:src\domain\errors\custom-error.ts
FN:3,CustomError
FN:12,badRequest
FN:16,unAuthorized
FN:20,forBidden
FN:24,notFound
FN:28,internalServer
FNF:6
FNH:3
FNDA:9,CustomError
FNDA:1,badRequest
FNDA:0,unAuthorized
FNDA:0,forBidden
FNDA:0,notFound
FNDA:8,internalServer
DA:1,1
DA:2,1
DA:3,1
DA:4,9
DA:5,9
DA:6,9
DA:7,9
DA:8,9
DA:9,1
DA:10,1
DA:11,1
DA:12,1
DA:13,1
DA:14,1
DA:15,1
DA:16,1
DA:17,0
DA:18,0
DA:19,1
DA:20,1
DA:21,0
DA:22,0
DA:23,1
DA:24,1
DA:25,0
DA:26,0
DA:27,1
DA:28,1
DA:29,8
DA:30,8
DA:31,1
DA:32,1
LF:32
LH:26
BRDA:3,0,0,9
BRDA:12,1,0,1
BRDA:28,2,0,8
BRF:3
BRH:3
end_of_record
TN:
SF:src\domain\errors\handle-error.ts
FN:4,handleError
FN:14,handleErrorDTO
FNF:2
FNH:2
FNDA:8,handleError
FNDA:3,handleErrorDTO
DA:1,1
DA:2,1
DA:3,1
DA:4,1
DA:5,8
DA:6,8
DA:7,8
DA:8,8
DA:9,0
DA:10,0
DA:11,0
DA:12,0
DA:13,1
DA:14,1
DA:15,3
DA:16,3
LF:16
LH:12
BRDA:4,0,0,8
BRDA:9,1,0,0
BRDA:14,2,0,3
BRF:3
BRH:2
end_of_record
TN:
SF:src\domain\errors\index.ts
FN:1,get
FN:2,get
FN:3,get
FNF:3
FNH:3
FNDA:9,get
FNDA:8,get
FNDA:3,get
DA:1,1
DA:2,1
DA:3,1
LF:3
LH:3
BRDA:1,0,0,9
BRDA:2,1,0,8
BRDA:3,2,0,3
BRF:3
BRH:3
end_of_record
TN:
SF:src\domain\responses-http\handle-response.ts
FN:3,handleResponse
FNF:1
FNH:1
FNDA:24,handleResponse
DA:1,1
DA:2,1
DA:3,1
DA:4,24
DA:5,2
DA:6,2
DA:7,22
DA:8,22
DA:9,18
DA:10,18
DA:11,4
DA:12,4
DA:13,4
LF:13
LH:13
BRDA:3,0,0,24
BRDA:4,1,0,2
BRDA:7,2,0,22
BRDA:8,3,0,18
BRDA:11,4,0,4
BRF:5
BRH:5
end_of_record
TN:
SF:src\domain\responses-http\index.ts
FN:1,get
FNF:1
FNH:1
FNDA:24,get
DA:1,1
LF:1
LH:1
BRDA:1,0,0,24
BRF:1
BRH:1
end_of_record
TN:
SF:src\infrastructure\datasource\asociativa.datasource.impl.ts
FN:9,getUsuarioCursoById
FN:24,updateUsuarioCurso
FN:39,deleteUsuarioCurso
FN:56,createUsuarioCurso
FN:67,getCursoTemaById
FN:82,createCursoTema
FN:94,deleteCursoTema
FN:111,deleteCursoTemaAll
FNF:8
FNH:0
FNDA:0,getUsuarioCursoById
FNDA:0,updateUsuarioCurso
FNDA:0,deleteUsuarioCurso
FNDA:0,createUsuarioCurso
FNDA:0,getCursoTemaById
FNDA:0,createCursoTema
FNDA:0,deleteCursoTema
FNDA:0,deleteCursoTemaAll
DA:1,1
DA:2,1
DA:3,1
DA:4,1
DA:5,1
DA:6,1
DA:7,1
DA:8,1
DA:9,1
DA:10,0
DA:11,0
DA:12,0
DA:13,0
DA:14,0
DA:15,0
DA:16,0
DA:17,0
DA:18,0
DA:19,0
DA:20,0
DA:21,0
DA:22,0
DA:23,1
DA:24,1
DA:25,0
DA:26,0
DA:27,0
DA:28,0
DA:29,0
DA:30,0
DA:31,0
DA:32,0
DA:33,0
DA:34,0
DA:35,0
DA:36,0
DA:37,0
DA:38,1
DA:39,1
DA:40,0
DA:41,0
DA:42,0
DA:43,0
DA:44,0
DA:45,0
DA:46,0
DA:47,0
DA:48,0
DA:49,0
DA:50,0
DA:51,0
DA:52,0
DA:53,0
DA:54,0
DA:55,1
DA:56,1
DA:57,0
DA:58,0
DA:59,0
DA:60,0
DA:61,0
DA:62,0
DA:63,0
DA:64,0
DA:65,1
DA:66,1
DA:67,1
DA:68,0
DA:69,0
DA:70,0
DA:71,0
DA:72,0
DA:73,0
DA:74,0
DA:75,0
DA:76,0
DA:77,0
DA:78,0
DA:79,0
DA:80,0
DA:81,1
DA:82,1
DA:83,0
DA:84,0
DA:85,0
DA:86,0
DA:87,0
DA:88,0
DA:89,0
DA:90,0
DA:91,0
DA:92,0
DA:93,1
DA:94,1
DA:95,0
DA:96,0
DA:97,0
DA:98,0
DA:99,0
DA:100,0
DA:101,0
DA:102,0
DA:103,0
DA:104,0
DA:105,0
DA:106,0
DA:107,0
DA:108,0
DA:109,0
DA:110,1
DA:111,1
DA:112,0
DA:113,0
DA:114,0
DA:115,0
DA:116,0
DA:117,0
DA:118,0
DA:119,0
DA:120,0
DA:121,0
DA:122,0
DA:123,0
DA:124,0
DA:125,0
DA:126,0
DA:127,0
DA:128,1
DA:129,1
LF:129
LH:26
BRF:0
BRH:0
end_of_record
TN:
SF:src\infrastructure\datasource\clase.datasource.impl.ts
FN:8,getById
FN:23,create
FN:35,update
FN:50,delete
FN:67,deleteAll
FNF:5
FNH:0
FNDA:0,getById
FNDA:0,create
FNDA:0,update
FNDA:0,delete
FNDA:0,deleteAll
DA:1,1
DA:2,1
DA:3,1
DA:4,1
DA:5,1
DA:6,1
DA:7,1
DA:8,1
DA:9,0
DA:10,0
DA:11,0
DA:12,0
DA:13,0
DA:14,0
DA:15,0
DA:16,0
DA:17,0
DA:18,0
DA:19,0
DA:20,0
DA:21,0
DA:22,1
DA:23,1
DA:24,0
DA:25,0
DA:26,0
DA:27,0
DA:28,0
DA:29,0
DA:30,0
DA:31,0
DA:32,0
DA:33,0
DA:34,1
DA:35,1
DA:36,0
DA:37,0
DA:38,0
DA:39,0
DA:40,0
DA:41,0
DA:42,0
DA:43,0
DA:44,0
DA:45,0
DA:46,0
DA:47,0
DA:48,0
DA:49,1
DA:50,1
DA:51,0
DA:52,0
DA:53,0
DA:54,0
DA:55,0
DA:56,0
DA:57,0
DA:58,0
DA:59,0
DA:60,0
DA:61,0
DA:62,0
DA:63,0
DA:64,0
DA:65,0
DA:66,1
DA:67,1
DA:68,0
DA:69,0
DA:70,0
DA:71,0
DA:72,0
DA:73,0
DA:74,0
DA:75,0
DA:76,0
DA:77,0
DA:78,0
DA:79,0
DA:80,0
DA:81,0
DA:82,0
DA:83,0
DA:84,1
DA:85,1
LF:85
LH:18
BRF:0
BRH:0
end_of_record
TN:
SF:src\infrastructure\datasource\curso.datasource.impl.ts
FN:8,isCursoExist
FN:23,deleteCurso
FN:40,getCursoById
FN:117,updateCurso
FN:132,createCurso
FN:142,getCursos
FNF:6
FNH:5
FNDA:4,isCursoExist
FNDA:2,deleteCurso
FNDA:2,getCursoById
FNDA:2,updateCurso
FNDA:0,createCurso
FNDA:2,getCursos
DA:1,1
DA:2,1
DA:3,1
DA:4,1
DA:5,1
DA:6,1
DA:7,1
DA:8,1
DA:9,4
DA:10,4
DA:11,4
DA:12,4
DA:13,4
DA:14,4
DA:15,4
DA:16,4
DA:17,4
DA:18,2
DA:19,2
DA:20,2
DA:21,2
DA:22,1
DA:23,1
DA:24,2
DA:25,2
DA:26,1
DA:27,1
DA:28,1
DA:29,1
DA:30,1
DA:31,1
DA:32,1
DA:33,1
DA:34,1
DA:35,1
DA:36,1
DA:37,1
DA:38,1
DA:39,1
DA:40,1
DA:41,2
DA:42,2
DA:43,2
DA:44,2
DA:45,2
DA:46,2
DA:47,2
DA:48,2
DA:49,2
DA:50,2
DA:51,2
DA:52,2
DA:53,2
DA:54,2
DA:55,2
DA:56,2
DA:57,2
DA:58,2
DA:59,2
DA:60,2
DA:61,2
DA:62,2
DA:63,2
DA:64,2
DA:65,2
DA:66,2
DA:67,2
DA:68,2
DA:69,2
DA:70,2
DA:71,2
DA:72,2
DA:73,2
DA:74,2
DA:75,2
DA:76,2
DA:77,2
DA:78,2
DA:79,2
DA:80,2
DA:81,2
DA:82,2
DA:83,2
DA:84,2
DA:85,2
DA:86,2
DA:87,2
DA:88,2
DA:89,2
DA:90,2
DA:91,2
DA:92,2
DA:93,2
DA:94,2
DA:95,2
DA:96,2
DA:97,2
DA:98,2
DA:99,2
DA:100,2
DA:101,2
DA:102,2
DA:103,2
DA:104,2
DA:105,2
DA:106,2
DA:107,2
DA:108,2
DA:109,2
DA:110,2
DA:111,2
DA:112,1
DA:113,1
DA:114,1
DA:115,1
DA:116,1
DA:117,1
DA:118,2
DA:119,2
DA:120,1
DA:121,1
DA:122,1
DA:123,1
DA:124,1
DA:125,1
DA:126,1
DA:127,1
DA:128,1
DA:129,1
DA:130,1
DA:131,1
DA:132,1
DA:133,0
DA:134,0
DA:135,0
DA:136,0
DA:137,0
DA:138,0
DA:139,0
DA:140,0
DA:141,1
DA:142,1
DA:143,2
DA:144,2
DA:145,2
DA:146,2
DA:147,2
DA:148,2
DA:149,2
DA:150,2
DA:151,2
DA:152,2
DA:153,2
DA:154,2
DA:155,2
DA:156,2
DA:157,2
DA:158,2
DA:159,2
DA:160,2
DA:161,2
DA:162,2
DA:163,2
DA:164,2
DA:165,2
DA:166,2
DA:167,2
DA:168,2
DA:169,2
DA:170,2
DA:171,2
DA:172,2
DA:173,2
DA:174,2
DA:175,2
DA:176,2
DA:177,2
DA:178,2
DA:179,2
DA:180,2
DA:181,2
DA:182,2
DA:183,2
DA:184,2
DA:185,2
DA:186,2
DA:187,1
DA:188,1
LF:188
LH:180
BRDA:8,0,0,4
BRDA:17,1,0,2
BRDA:23,2,0,2
BRDA:26,3,0,1
BRDA:40,4,0,2
BRDA:111,5,0,1
BRDA:117,6,0,2
BRDA:120,7,0,1
BRDA:142,8,0,2
BRDA:184,9,0,3
BRF:10
BRH:10
end_of_record
TN:
SF:src\infrastructure\datasource\formacion.datasource.impl.ts
FN:8,getById
FN:23,create
FN:35,update
FN:50,delete
FN:68,deleteAll
FNF:5
FNH:5
FNDA:4,getById
FNDA:1,create
FNDA:2,update
FNDA:2,delete
FNDA:2,deleteAll
DA:1,1
DA:2,1
DA:3,1
DA:4,1
DA:5,1
DA:6,1
DA:7,1
DA:8,1
DA:9,4
DA:10,4
DA:11,4
DA:12,4
DA:13,4
DA:14,4
DA:15,4
DA:16,4
DA:17,4
DA:18,2
DA:19,2
DA:20,2
DA:21,2
DA:22,1
DA:23,1
DA:24,1
DA:25,1
DA:26,1
DA:27,1
DA:28,1
DA:29,1
DA:30,1
DA:31,1
DA:32,1
DA:33,1
DA:34,1
DA:35,1
DA:36,2
DA:37,2
DA:38,1
DA:39,1
DA:40,1
DA:41,1
DA:42,1
DA:43,1
DA:44,1
DA:45,1
DA:46,1
DA:47,1
DA:48,1
DA:49,1
DA:50,1
DA:51,2
DA:52,2
DA:53,1
DA:54,1
DA:55,1
DA:56,1
DA:57,1
DA:58,1
DA:59,1
DA:60,1
DA:61,1
DA:62,1
DA:63,1
DA:64,1
DA:65,1
DA:66,1
DA:67,1
DA:68,1
DA:69,2
DA:70,2
DA:71,2
DA:72,2
DA:73,2
DA:74,2
DA:75,2
DA:76,2
DA:77,2
DA:78,2
DA:79,2
DA:80,2
DA:81,1
DA:82,1
DA:83,1
DA:84,1
DA:85,1
DA:86,1
LF:86
LH:86
BRDA:8,0,0,4
BRDA:17,1,0,2
BRDA:23,2,0,1
BRDA:29,3,0,0
BRDA:35,4,0,2
BRDA:38,5,0,1
BRDA:50,6,0,2
BRDA:53,7,0,1
BRDA:68,8,0,2
BRDA:80,9,0,1
BRF:10
BRH:9
end_of_record
TN:
SF:src\infrastructure\datasource\requisito.datasource.impl.ts
FN:8,getById
FN:23,create
FN:35,update
FN:50,delete
FN:68,deleteAll
FNF:5
FNH:0
FNDA:0,getById
FNDA:0,create
FNDA:0,update
FNDA:0,delete
FNDA:0,deleteAll
DA:1,1
DA:2,1
DA:3,1
DA:4,1
DA:5,1
DA:6,1
DA:7,1
DA:8,1
DA:9,0
DA:10,0
DA:11,0
DA:12,0
DA:13,0
DA:14,0
DA:15,0
DA:16,0
DA:17,0
DA:18,0
DA:19,0
DA:20,0
DA:21,0
DA:22,1
DA:23,1
DA:24,0
DA:25,0
DA:26,0
DA:27,0
DA:28,0
DA:29,0
DA:30,0
DA:31,0
DA:32,0
DA:33,0
DA:34,1
DA:35,1
DA:36,0
DA:37,0
DA:38,0
DA:39,0
DA:40,0
DA:41,0
DA:42,0
DA:43,0
DA:44,0
DA:45,0
DA:46,0
DA:47,0
DA:48,0
DA:49,1
DA:50,1
DA:51,0
DA:52,0
DA:53,0
DA:54,0
DA:55,0
DA:56,0
DA:57,0
DA:58,0
DA:59,0
DA:60,0
DA:61,0
DA:62,0
DA:63,0
DA:64,0
DA:65,0
DA:66,0
DA:67,1
DA:68,1
DA:69,0
DA:70,0
DA:71,0
DA:72,0
DA:73,0
DA:74,0
DA:75,0
DA:76,0
DA:77,0
DA:78,0
DA:79,0
DA:80,0
DA:81,0
DA:82,0
DA:83,0
DA:84,0
DA:85,1
DA:86,1
LF:86
LH:18
BRF:0
BRH:0
end_of_record
TN:
SF:src\infrastructure\datasource\seccion.datasource.impl.ts
FN:8,getById
FN:23,delete
FN:40,deleteAll
FN:57,create
FN:67,update
FNF:5
FNH:5
FNDA:2,getById
FNDA:1,delete
FNDA:1,deleteAll
FNDA:1,create
FNDA:1,update
DA:1,1
DA:2,1
DA:3,1
DA:4,1
DA:5,1
DA:6,1
DA:7,1
DA:8,1
DA:9,2
DA:10,2
DA:11,2
DA:12,2
DA:13,2
DA:14,2
DA:15,2
DA:16,2
DA:17,2
DA:18,2
DA:19,2
DA:20,2
DA:21,2
DA:22,1
DA:23,1
DA:24,1
DA:25,1
DA:26,1
DA:27,1
DA:28,1
DA:29,1
DA:30,1
DA:31,1
DA:32,1
DA:33,1
DA:34,1
DA:35,1
DA:36,1
DA:37,1
DA:38,1
DA:39,1
DA:40,1
DA:41,1
DA:42,1
DA:43,1
DA:44,1
DA:45,1
DA:46,1
DA:47,1
DA:48,1
DA:49,1
DA:50,1
DA:51,1
DA:52,1
DA:53,1
DA:54,1
DA:55,1
DA:56,1
DA:57,1
DA:58,1
DA:59,1
DA:60,1
DA:61,1
DA:62,1
DA:63,1
DA:64,1
DA:65,1
DA:66,1
DA:67,1
DA:68,1
DA:69,1
DA:70,1
DA:71,1
DA:72,1
DA:73,1
DA:74,1
DA:75,1
DA:76,1
DA:77,1
DA:78,1
DA:79,1
DA:80,1
DA:81,1
DA:82,1
LF:82
LH:82
BRDA:8,0,0,2
BRDA:17,1,0,0
BRDA:23,2,0,1
BRDA:40,3,0,1
BRDA:51,4,0,0
BRDA:57,5,0,1
BRDA:67,6,0,1
BRF:7
BRH:5
end_of_record
TN:
SF:src\infrastructure\datasource\tema.datasource.impl.ts
FN:8,isCreate
FN:27,create
FN:42,getById
FN:57,update
FN:72,delete
FNF:5
FNH:0
FNDA:0,isCreate
FNDA:0,create
FNDA:0,getById
FNDA:0,update
FNDA:0,delete
DA:1,1
DA:2,1
DA:3,1
DA:4,1
DA:5,1
DA:6,1
DA:7,1
DA:8,1
DA:9,0
DA:10,0
DA:11,0
DA:12,0
DA:13,0
DA:14,0
DA:15,0
DA:16,0
DA:17,0
DA:18,0
DA:19,0
DA:20,0
DA:21,0
DA:22,0
DA:23,0
DA:24,0
DA:25,0
DA:26,1
DA:27,1
DA:28,0
DA:29,0
DA:30,0
DA:31,0
DA:32,0
DA:33,0
DA:34,0
DA:35,0
DA:36,0
DA:37,0
DA:38,0
DA:39,0
DA:40,0
DA:41,1
DA:42,1
DA:43,0
DA:44,0
DA:45,0
DA:46,0
DA:47,0
DA:48,0
DA:49,0
DA:50,0
DA:51,0
DA:52,0
DA:53,0
DA:54,0
DA:55,0
DA:56,1
DA:57,1
DA:58,0
DA:59,0
DA:60,0
DA:61,0
DA:62,0
DA:63,0
DA:64,0
DA:65,0
DA:66,0
DA:67,0
DA:68,0
DA:69,0
DA:70,0
DA:71,1
DA:72,1
DA:73,0
DA:74,0
DA:75,0
DA:76,0
DA:77,0
DA:78,0
DA:79,0
DA:80,0
DA:81,0
DA:82,0
DA:83,0
DA:84,0
DA:85,0
DA:86,0
DA:87,0
DA:88,1
DA:89,1
LF:89
LH:18
BRF:0
BRH:0
end_of_record
TN:
SF:src\infrastructure\datasource\usuario.datasource.impl.ts
FN:8,deleteUser
FN:26,isUserAlreadyRegistered
FN:40,createUser
FN:47,getUserById
FN:62,updateUser
FN:77,getUser
FNF:6
FNH:6
FNDA:1,deleteUser
FNDA:1,isUserAlreadyRegistered
FNDA:1,createUser
FNDA:26,getUserById
FNDA:1,updateUser
FNDA:9,getUser
DA:1,1
DA:2,1
DA:3,1
DA:4,1
DA:5,1
DA:6,1
DA:7,1
DA:8,1
DA:9,1
DA:10,1
DA:11,1
DA:12,1
DA:13,1
DA:14,1
DA:15,1
DA:16,1
DA:17,1
DA:18,1
DA:19,1
DA:20,1
DA:21,1
DA:22,1
DA:23,1
DA:24,1
DA:25,1
DA:26,1
DA:27,1
DA:28,1
DA:29,1
DA:30,1
DA:31,1
DA:32,1
DA:33,1
DA:34,1
DA:35,0
DA:36,0
DA:37,0
DA:38,0
DA:39,1
DA:40,1
DA:41,1
DA:42,1
DA:43,1
DA:44,1
DA:45,1
DA:46,1
DA:47,1
DA:48,26
DA:49,26
DA:50,26
DA:51,26
DA:52,26
DA:53,26
DA:54,26
DA:55,26
DA:56,26
DA:57,26
DA:58,26
DA:59,26
DA:60,26
DA:61,1
DA:62,1
DA:63,1
DA:64,1
DA:65,1
DA:66,1
DA:67,1
DA:68,1
DA:69,1
DA:70,1
DA:71,1
DA:72,1
DA:73,1
DA:74,1
DA:75,1
DA:76,1
DA:77,1
DA:78,9
DA:79,9
DA:80,9
DA:81,9
DA:82,9
DA:83,9
DA:84,9
DA:85,9
DA:86,9
DA:87,8
DA:88,8
DA:89,8
DA:90,8
DA:91,1
DA:92,1
LF:92
LH:88
BRDA:8,0,0,1
BRDA:26,1,0,1
BRDA:35,2,0,0
BRDA:40,3,0,1
BRDA:47,4,0,26
BRDA:56,5,0,0
BRDA:62,6,0,1
BRDA:77,7,0,9
BRDA:86,8,0,1
BRDA:87,9,0,8
BRF:10
BRH:8
end_of_record
TN:
SF:src\infrastructure\repositories\asociativa.repository.impl.ts
FN:8,AsociativaRepositoryImpl
FN:13,updateUsuarioCurso
FN:17,deleteUsuarioCurso
FN:21,createUsuarioCurso
FN:26,getCursoTemaById
FN:30,createCursoTema
FN:34,deleteCursoTema
FN:38,deleteCursoTemaAll
FNF:8
FNH:1
FNDA:5,AsociativaRepositoryImpl
FNDA:0,updateUsuarioCurso
FNDA:0,deleteUsuarioCurso
FNDA:0,createUsuarioCurso
FNDA:0,getCursoTemaById
FNDA:0,createCursoTema
FNDA:0,deleteCursoTema
FNDA:0,deleteCursoTemaAll
DA:1,1
DA:2,1
DA:3,1
DA:4,1
DA:5,1
DA:6,1
DA:7,1
DA:8,1
DA:9,5
DA:10,5
DA:11,1
DA:12,1
DA:13,1
DA:14,0
DA:15,0
DA:16,1
DA:17,1
DA:18,0
DA:19,0
DA:20,1
DA:21,1
DA:22,0
DA:23,0
DA:24,1
DA:25,1
DA:26,1
DA:27,0
DA:28,0
DA:29,1
DA:30,1
DA:31,0
DA:32,0
DA:33,1
DA:34,1
DA:35,0
DA:36,0
DA:37,1
DA:38,1
DA:39,0
DA:40,0
DA:41,1
DA:42,1
LF:42
LH:28
BRDA:8,0,0,5
BRF:1
BRH:1
end_of_record
TN:
SF:src\infrastructure\repositories\clase.repositoy.impl.ts
FN:8,ClaseRepositoryImpl
FN:12,getById
FN:16,create
FN:20,update
FN:24,delete
FN:28,deleteAll
FNF:6
FNH:1
FNDA:5,ClaseRepositoryImpl
FNDA:0,getById
FNDA:0,create
FNDA:0,update
FNDA:0,delete
FNDA:0,deleteAll
DA:1,1
DA:2,1
DA:3,1
DA:4,1
DA:5,1
DA:6,1
DA:7,1
DA:8,1
DA:9,5
DA:10,5
DA:11,1
DA:12,1
DA:13,0
DA:14,0
DA:15,1
DA:16,1
DA:17,0
DA:18,0
DA:19,1
DA:20,1
DA:21,0
DA:22,0
DA:23,1
DA:24,1
DA:25,0
DA:26,0
DA:27,1
DA:28,1
DA:29,0
DA:30,0
DA:31,1
DA:32,1
LF:32
LH:22
BRDA:8,0,0,5
BRF:1
BRH:1
end_of_record
TN:
SF:src\infrastructure\repositories\curso.repository.impl.ts
FN:8,CursoRepositoryImpl
FN:12,getCursoById
FN:16,getCursos
FN:20,deleteCurso
FN:24,updateCurso
FN:28,createCurso
FNF:6
FNH:5
FNDA:5,CursoRepositoryImpl
FNDA:2,getCursoById
FNDA:2,getCursos
FNDA:2,deleteCurso
FNDA:2,updateCurso
FNDA:0,createCurso
DA:1,1
DA:2,1
DA:3,1
DA:4,1
DA:5,1
DA:6,1
DA:7,1
DA:8,1
DA:9,5
DA:10,5
DA:11,1
DA:12,1
DA:13,2
DA:14,2
DA:15,1
DA:16,1
DA:17,2
DA:18,2
DA:19,1
DA:20,1
DA:21,2
DA:22,2
DA:23,1
DA:24,1
DA:25,2
DA:26,2
DA:27,1
DA:28,1
DA:29,0
DA:30,0
DA:31,1
DA:32,1
LF:32
LH:30
BRDA:8,0,0,5
BRDA:12,1,0,2
BRDA:16,2,0,2
BRDA:20,3,0,2
BRDA:24,4,0,2
BRF:5
BRH:5
end_of_record
TN:
SF:src\infrastructure\repositories\formacion.repository.impl.ts
FN:8,FormacionRepositoryImpl
FN:12,create
FN:16,update
FN:20,delete
FN:24,deleteAll
FNF:5
FNH:5
FNDA:5,FormacionRepositoryImpl
FNDA:1,create
FNDA:2,update
FNDA:2,delete
FNDA:2,deleteAll
DA:1,1
DA:2,1
DA:3,1
DA:4,1
DA:5,1
DA:6,1
DA:7,1
DA:8,1
DA:9,5
DA:10,5
DA:11,1
DA:12,1
DA:13,1
DA:14,1
DA:15,1
DA:16,1
DA:17,2
DA:18,2
DA:19,1
DA:20,1
DA:21,2
DA:22,2
DA:23,1
DA:24,1
DA:25,2
DA:26,2
DA:27,1
DA:28,1
LF:28
LH:28
BRDA:8,0,0,5
BRDA:12,1,0,1
BRDA:16,2,0,2
BRDA:20,3,0,2
BRDA:24,4,0,2
BRF:5
BRH:5
end_of_record
TN:
SF:src\infrastructure\repositories\index.ts
FN:1,get
FN:2,get
FN:3,get
FNF:3
FNH:3
FNDA:29,get
FNDA:5,get
FNDA:5,get
DA:1,1
DA:2,1
DA:3,1
LF:3
LH:3
BRDA:1,0,0,29
BRDA:2,1,0,5
BRDA:3,2,0,5
BRF:3
BRH:3
end_of_record
TN:
SF:src\infrastructure\repositories\requisito.repository.impl.ts
FN:8,RequisitoRepositoryImpl
FN:12,getById
FN:16,create
FN:20,update
FN:24,delete
FN:28,deleteAll
FNF:6
FNH:1
FNDA:5,RequisitoRepositoryImpl
FNDA:0,getById
FNDA:0,create
FNDA:0,update
FNDA:0,delete
FNDA:0,deleteAll
DA:1,1
DA:2,1
DA:3,1
DA:4,1
DA:5,1
DA:6,1
DA:7,1
DA:8,1
DA:9,5
DA:10,5
DA:11,1
DA:12,1
DA:13,0
DA:14,0
DA:15,1
DA:16,1
DA:17,0
DA:18,0
DA:19,1
DA:20,1
DA:21,0
DA:22,0
DA:23,1
DA:24,1
DA:25,0
DA:26,0
DA:27,1
DA:28,1
DA:29,0
DA:30,0
DA:31,1
DA:32,1
LF:32
LH:22
BRDA:8,0,0,5
BRF:1
BRH:1
end_of_record
TN:
SF:src\infrastructure\repositories\seccion.repository.impl.ts
FN:8,SeccionRepositoryImpl
FN:12,delete
FN:16,deleteAll
FN:20,create
FN:24,update
FNF:5
FNH:5
FNDA:5,SeccionRepositoryImpl
FNDA:1,delete
FNDA:1,deleteAll
FNDA:1,create
FNDA:1,update
DA:1,1
DA:2,1
DA:3,1
DA:4,1
DA:5,1
DA:6,1
DA:7,1
DA:8,1
DA:9,5
DA:10,5
DA:11,1
DA:12,1
DA:13,1
DA:14,1
DA:15,1
DA:16,1
DA:17,1
DA:18,1
DA:19,1
DA:20,1
DA:21,1
DA:22,1
DA:23,1
DA:24,1
DA:25,1
DA:26,1
DA:27,1
DA:28,1
LF:28
LH:28
BRDA:8,0,0,5
BRDA:12,1,0,1
BRDA:16,2,0,1
BRDA:20,3,0,1
BRDA:24,4,0,1
BRF:5
BRH:5
end_of_record
TN:
SF:src\infrastructure\repositories\tema.repository.impl.ts
FN:8,TemaRepositoryImpl
FN:12,create
FN:16,getById
FN:20,update
FN:24,delete
FNF:5
FNH:1
FNDA:5,TemaRepositoryImpl
FNDA:0,create
FNDA:0,getById
FNDA:0,update
FNDA:0,delete
DA:1,1
DA:2,1
DA:3,1
DA:4,1
DA:5,1
DA:6,1
DA:7,1
DA:8,1
DA:9,5
DA:10,5
DA:11,1
DA:12,1
DA:13,0
DA:14,0
DA:15,1
DA:16,1
DA:17,0
DA:18,0
DA:19,1
DA:20,1
DA:21,0
DA:22,0
DA:23,1
DA:24,1
DA:25,0
DA:26,0
DA:27,1
DA:28,1
LF:28
LH:20
BRDA:8,0,0,5
BRF:1
BRH:1
end_of_record
TN:
SF:src\infrastructure\repositories\usuario.repository.impl.ts
FN:8,UsuarioRepositoryImpl
FN:12,deleteUser
FN:16,isUserAlreadyRegistered
FN:20,getUser
FN:24,createUser
FN:28,getUserById
FN:32,updateUser
FNF:7
FNH:7
FNDA:29,UsuarioRepositoryImpl
FNDA:1,deleteUser
FNDA:1,isUserAlreadyRegistered
FNDA:9,getUser
FNDA:1,createUser
FNDA:24,getUserById
FNDA:1,updateUser
DA:1,1
DA:2,1
DA:3,1
DA:4,1
DA:5,1
DA:6,1
DA:7,1
DA:8,1
DA:9,29
DA:10,29
DA:11,1
DA:12,1
DA:13,1
DA:14,1
DA:15,1
DA:16,1
DA:17,1
DA:18,1
DA:19,1
DA:20,1
DA:21,9
DA:22,9
DA:23,1
DA:24,1
DA:25,1
DA:26,1
DA:27,1
DA:28,1
DA:29,24
DA:30,24
DA:31,1
DA:32,1
DA:33,1
DA:34,1
DA:35,1
DA:36,1
LF:36
LH:36
BRDA:8,0,0,29
BRDA:12,1,0,1
BRDA:16,2,0,1
BRDA:20,3,0,9
BRDA:24,4,0,1
BRDA:28,5,0,24
BRDA:32,6,0,1
BRF:7
BRH:7
end_of_record
TN:
SF:src\presentation\global-routes.ts
FN:6,get routes
FNF:1
FNH:1
FNDA:5,get routes
DA:1,1
DA:2,1
DA:3,1
DA:4,1
DA:5,1
DA:6,1
DA:7,5
DA:8,5
DA:9,5
DA:10,5
DA:11,5
DA:12,5
DA:13,5
DA:14,5
DA:15,5
DA:16,5
DA:17,5
DA:18,5
DA:19,5
DA:20,5
DA:21,5
DA:22,5
DA:23,1
DA:24,1
LF:24
LH:24
BRDA:6,0,0,5
BRF:1
BRH:1
end_of_record
TN:
SF:src\presentation\index.ts
FN:1,get
FN:2,get
FNF:2
FNH:2
FNDA:1,get
FNDA:1,get
DA:1,1
DA:2,1
LF:2
LH:2
BRDA:1,0,0,1
BRDA:2,1,0,1
BRF:2
BRH:2
end_of_record
TN:
SF:src\presentation\serverApp.ts
FN:15,ServerApp
FN:21,start
FN:37,close
FNF:3
FNH:3
FNDA:4,ServerApp
FNDA:6,start
FNDA:6,close
DA:1,1
DA:2,1
DA:3,1
DA:4,1
DA:5,1
DA:6,1
DA:7,1
DA:8,1
DA:9,1
DA:10,1
DA:11,1
DA:12,1
DA:13,1
DA:14,1
DA:15,1
DA:16,4
DA:17,4
DA:18,4
DA:19,4
DA:20,1
DA:21,1
DA:22,6
DA:23,6
DA:24,6
DA:25,6
DA:26,6
DA:27,6
DA:28,6
DA:29,6
DA:30,6
DA:31,6
DA:32,2
DA:33,6
DA:34,6
DA:35,6
DA:36,1
DA:37,1
DA:38,6
DA:39,6
DA:40,1
DA:41,1
LF:41
LH:41
BRDA:15,0,0,4
BRDA:21,1,0,6
BRDA:31,2,0,2
BRDA:37,3,0,6
BRDA:38,4,0,0
BRF:5
BRH:4
end_of_record
TN:
SF:src\presentation\controllers\index.ts
FN:1,get
FN:2,get
FN:3,get
FN:4,get
FN:5,get
FN:6,get
FN:7,get
FN:8,get
FNF:8
FNH:8
FNDA:5,get
FNDA:5,get
FNDA:5,get
FNDA:5,get
FNDA:5,get
FNDA:5,get
FNDA:5,get
FNDA:5,get
DA:1,1
DA:2,1
DA:3,1
DA:4,1
DA:5,1
DA:6,1
DA:7,1
DA:8,1
LF:8
LH:8
BRDA:1,0,0,5
BRDA:2,1,0,5
BRDA:3,2,0,5
BRDA:4,3,0,5
BRDA:5,4,0,5
BRDA:6,5,0,5
BRDA:7,6,0,5
BRDA:8,7,0,5
BRF:8
BRH:8
end_of_record
TN:
SF:src\presentation\controllers\asociativa\controller.ts
FN:9,AsociativaController
FN:14,AsociativaController.createUsuarioCurso
FN:27,AsociativaController.updateUsuarioCurso
FN:39,AsociativaController.deleteUsuarioCurso
FN:51,AsociativaController.createCursoTema
FN:62,AsociativaController.deleteCursoTema
FN:73,AsociativaController.deleteCursoTemaAll
FNF:7
FNH:1
FNDA:5,AsociativaController
FNDA:0,AsociativaController.createUsuarioCurso
FNDA:0,AsociativaController.updateUsuarioCurso
FNDA:0,AsociativaController.deleteUsuarioCurso
FNDA:0,AsociativaController.createCursoTema
FNDA:0,AsociativaController.deleteCursoTema
FNDA:0,AsociativaController.deleteCursoTemaAll
DA:1,1
DA:2,1
DA:3,1
DA:4,1
DA:5,1
DA:6,1
DA:7,1
DA:8,1
DA:9,1
DA:10,5
DA:11,5
DA:12,1
DA:13,1
DA:14,1
DA:15,0
DA:16,0
DA:17,0
DA:18,0
DA:19,0
DA:20,0
DA:21,0
DA:22,0
DA:23,0
DA:24,0
DA:25,0
DA:26,1
DA:27,1
DA:28,0
DA:29,0
DA:30,0
DA:31,0
DA:32,0
DA:33,0
DA:34,0
DA:35,0
DA:36,0
DA:37,0
DA:38,1
DA:39,1
DA:40,0
DA:41,0
DA:42,0
DA:43,0
DA:44,0
DA:45,0
DA:46,0
DA:47,0
DA:48,0
DA:49,1
DA:50,1
DA:51,1
DA:52,0
DA:53,0
DA:54,0
DA:55,0
DA:56,0
DA:57,0
DA:58,0
DA:59,0
DA:60,0
DA:61,1
DA:62,1
DA:63,0
DA:64,0
DA:65,0
DA:66,0
DA:67,0
DA:68,0
DA:69,0
DA:70,0
DA:71,0
DA:72,1
DA:73,1
DA:74,0
DA:75,0
DA:76,0
DA:77,0
DA:78,0
DA:79,0
DA:80,0
DA:81,0
DA:82,0
DA:83,1
DA:84,1
LF:84
LH:27
BRDA:9,0,0,5
BRF:1
BRH:1
end_of_record
TN:
SF:src\presentation\controllers\asociativa\routes.ts
FN:10,get routes
FNF:1
FNH:1
FNDA:5,get routes
DA:1,1
DA:2,1
DA:3,1
DA:4,1
DA:5,1
DA:6,1
DA:7,1
DA:8,1
DA:9,1
DA:10,1
DA:11,5
DA:12,5
DA:13,5
DA:14,5
DA:15,5
DA:16,5
DA:17,5
DA:18,5
DA:19,5
DA:20,5
DA:21,5
DA:22,5
DA:23,5
DA:24,5
DA:25,5
DA:26,5
DA:27,5
DA:28,5
DA:29,5
DA:30,5
DA:31,5
DA:32,1
DA:33,1
LF:33
LH:33
BRDA:10,0,0,5
BRF:1
BRH:1
end_of_record
TN:
SF:src\presentation\controllers\auth\controller.ts
FN:9,AuthController
FN:13,AuthController.login
FN:24,AuthController.register
FN:35,AuthController.update
FN:48,AuthController.delete
FNF:5
FNH:5
FNDA:5,AuthController
FNDA:10,AuthController.login
FNDA:1,AuthController.register
FNDA:1,AuthController.update
FNDA:1,AuthController.delete
DA:1,1
DA:2,1
DA:3,1
DA:4,1
DA:5,1
DA:6,1
DA:7,1
DA:8,1
DA:9,1
DA:10,5
DA:11,5
DA:12,1
DA:13,1
DA:14,10
DA:15,10
DA:16,10
DA:17,9
DA:18,9
DA:19,9
DA:20,9
DA:21,9
DA:22,9
DA:23,1
DA:24,1
DA:25,1
DA:26,1
DA:27,1
DA:28,1
DA:29,1
DA:30,1
DA:31,1
DA:32,1
DA:33,1
DA:34,1
DA:35,1
DA:36,1
DA:37,1
DA:38,1
DA:39,1
DA:40,1
DA:41,1
DA:42,1
DA:43,1
DA:44,1
DA:45,1
DA:46,1
DA:47,1
DA:48,1
DA:49,1
DA:50,1
DA:51,1
DA:52,1
DA:53,1
DA:54,1
DA:55,1
DA:56,1
DA:57,1
DA:58,1
LF:58
LH:58
BRDA:9,0,0,5
BRDA:13,1,0,10
BRDA:16,2,0,1
BRDA:17,3,0,9
BRDA:19,4,0,8
BRDA:20,5,0,1
BRDA:24,6,0,1
BRDA:27,7,0,0
BRDA:30,8,0,1
BRDA:35,9,0,1
BRDA:40,10,0,0
BRDA:43,11,0,1
BRDA:48,12,0,1
BRDA:53,13,0,1
BRF:14
BRH:12
end_of_record
TN:
SF:src\presentation\controllers\auth\routes.ts
FN:10,get routes
FNF:1
FNH:1
FNDA:5,get routes
DA:1,1
DA:2,1
DA:3,1
DA:4,1
DA:5,1
DA:6,1
DA:7,1
DA:8,1
DA:9,1
DA:10,1
DA:11,5
DA:12,5
DA:13,5
DA:14,5
DA:15,5
DA:16,5
DA:17,5
DA:18,5
DA:19,5
DA:20,5
DA:21,5
DA:22,5
DA:23,5
DA:24,5
DA:25,5
DA:26,5
DA:27,5
DA:28,5
DA:29,1
DA:30,1
LF:30
LH:30
BRDA:10,0,0,5
BRF:1
BRH:1
end_of_record
TN:
SF:src\presentation\controllers\clase\controller.ts
FN:9,ClaseController
FN:13,ClaseController.create
FN:24,ClaseController.update
FN:36,ClaseController.delete
FN:47,ClaseController.deleteAll
FNF:5
FNH:1
FNDA:5,ClaseController
FNDA:0,ClaseController.create
FNDA:0,ClaseController.update
FNDA:0,ClaseController.delete
FNDA:0,ClaseController.deleteAll
DA:1,1
DA:2,1
DA:3,1
DA:4,1
DA:5,1
DA:6,1
DA:7,1
DA:8,1
DA:9,1
DA:10,5
DA:11,5
DA:12,1
DA:13,1
DA:14,0
DA:15,0
DA:16,0
DA:17,0
DA:18,0
DA:19,0
DA:20,0
DA:21,0
DA:22,0
DA:23,1
DA:24,1
DA:25,0
DA:26,0
DA:27,0
DA:28,0
DA:29,0
DA:30,0
DA:31,0
DA:32,0
DA:33,0
DA:34,0
DA:35,1
DA:36,1
DA:37,0
DA:38,0
DA:39,0
DA:40,0
DA:41,0
DA:42,0
DA:43,0
DA:44,0
DA:45,0
DA:46,1
DA:47,1
DA:48,0
DA:49,0
DA:50,0
DA:51,0
DA:52,0
DA:53,0
DA:54,0
DA:55,0
DA:56,0
DA:57,1
DA:58,1
LF:58
LH:21
BRDA:9,0,0,5
BRF:1
BRH:1
end_of_record
TN:
SF:src\presentation\controllers\clase\routes.ts
FN:10,get routes
FNF:1
FNH:1
FNDA:5,get routes
DA:1,1
DA:2,1
DA:3,1
DA:4,1
DA:5,1
DA:6,1
DA:7,1
DA:8,1
DA:9,1
DA:10,1
DA:11,5
DA:12,5
DA:13,5
DA:14,5
DA:15,5
DA:16,5
DA:17,5
DA:18,5
DA:19,5
DA:20,5
DA:21,5
DA:22,5
DA:23,5
DA:24,5
DA:25,5
DA:26,5
DA:27,5
DA:28,5
DA:29,1
DA:30,1
LF:30
LH:30
BRDA:10,0,0,5
BRF:1
BRH:1
end_of_record
TN:
SF:src\presentation\controllers\course\controller.ts
FN:10,CursoController
FN:14,CursoController.create
FN:25,CursoController.update
FN:37,CursoController.delete
FN:48,CursoController.getAll
FN:62,CursoController.getById
FNF:6
FNH:5
FNDA:5,CursoController
FNDA:0,CursoController.create
FNDA:3,CursoController.update
FNDA:2,CursoController.delete
FNDA:2,CursoController.getAll
FNDA:2,CursoController.getById
DA:1,1
DA:2,1
DA:3,1
DA:4,1
DA:5,1
DA:6,1
DA:7,1
DA:8,1
DA:9,1
DA:10,1
DA:11,5
DA:12,5
DA:13,1
DA:14,1
DA:15,0
DA:16,0
DA:17,0
DA:18,0
DA:19,0
DA:20,0
DA:21,0
DA:22,0
DA:23,0
DA:24,1
DA:25,1
DA:26,3
DA:27,3
DA:28,3
DA:29,3
DA:30,3
DA:31,3
DA:32,3
DA:33,3
DA:34,3
DA:35,3
DA:36,1
DA:37,1
DA:38,2
DA:39,2
DA:40,2
DA:41,2
DA:42,2
DA:43,2
DA:44,2
DA:45,2
DA:46,2
DA:47,1
DA:48,1
DA:49,2
DA:50,2
DA:51,2
DA:52,2
DA:53,2
DA:54,2
DA:55,2
DA:56,2
DA:57,2
DA:58,2
DA:59,2
DA:60,2
DA:61,1
DA:62,1
DA:63,2
DA:64,2
DA:65,2
DA:66,2
DA:67,2
DA:68,2
DA:69,2
DA:70,2
DA:71,2
DA:72,1
DA:73,1
LF:73
LH:64
BRDA:10,0,0,5
BRDA:25,1,0,3
BRDA:29,2,0,0
BRDA:32,3,0,1
BRDA:33,4,0,2
BRDA:37,5,0,2
BRDA:40,6,0,0
BRDA:43,7,0,1
BRDA:44,8,0,1
BRDA:48,9,0,2
BRDA:54,10,0,0
BRDA:57,11,0,2
BRDA:62,12,0,2
BRDA:65,13,0,0
BRDA:68,14,0,1
BRDA:69,15,0,1
BRF:16
BRH:12
end_of_record
TN:
SF:src\presentation\controllers\course\routes.ts
FN:10,get routes
FNF:1
FNH:1
FNDA:5,get routes
DA:1,1
DA:2,1
DA:3,1
DA:4,1
DA:5,1
DA:6,1
DA:7,1
DA:8,1
DA:9,1
DA:10,1
DA:11,5
DA:12,5
DA:13,5
DA:14,5
DA:15,5
DA:16,5
DA:17,5
DA:18,5
DA:19,5
DA:20,5
DA:21,5
DA:22,5
DA:23,5
DA:24,5
DA:25,5
DA:26,5
DA:27,5
DA:28,5
DA:29,5
DA:30,5
DA:31,1
DA:32,1
LF:32
LH:32
BRDA:10,0,0,5
BRF:1
BRH:1
end_of_record
TN:
SF:src\presentation\controllers\formacion\controller.ts
FN:9,FormacionController
FN:13,FormacionController.create
FN:24,FormacionController.update
FN:37,FormacionController.delete
FN:48,FormacionController.deleteAll
FNF:5
FNH:5
FNDA:5,FormacionController
FNDA:2,FormacionController.create
FNDA:2,FormacionController.update
FNDA:2,FormacionController.delete
FNDA:2,FormacionController.deleteAll
DA:1,1
DA:2,1
DA:3,1
DA:4,1
DA:5,1
DA:6,1
DA:7,1
DA:8,1
DA:9,1
DA:10,5
DA:11,5
DA:12,1
DA:13,1
DA:14,2
DA:15,2
DA:16,2
DA:17,1
DA:18,1
DA:19,1
DA:20,1
DA:21,1
DA:22,1
DA:23,1
DA:24,1
DA:25,2
DA:26,2
DA:27,2
DA:28,2
DA:29,2
DA:30,2
DA:31,2
DA:32,2
DA:33,2
DA:34,2
DA:35,2
DA:36,1
DA:37,1
DA:38,2
DA:39,2
DA:40,2
DA:41,2
DA:42,2
DA:43,2
DA:44,2
DA:45,2
DA:46,2
DA:47,1
DA:48,1
DA:49,2
DA:50,2
DA:51,2
DA:52,2
DA:53,2
DA:54,2
DA:55,2
DA:56,2
DA:57,2
DA:58,1
DA:59,1
LF:59
LH:59
BRDA:9,0,0,5
BRDA:13,1,0,2
BRDA:16,2,0,1
BRDA:19,3,0,1
BRDA:24,4,0,2
BRDA:29,5,0,0
BRDA:32,6,0,1
BRDA:33,7,0,1
BRDA:37,8,0,2
BRDA:40,9,0,0
BRDA:43,10,0,1
BRDA:44,11,0,1
BRDA:48,12,0,2
BRDA:51,13,0,0
BRDA:54,14,0,1
BRDA:55,15,0,1
BRF:16
BRH:13
end_of_record
TN:
SF:src\presentation\controllers\formacion\routes.ts
FN:10,get routes
FNF:1
FNH:1
FNDA:5,get routes
DA:1,1
DA:2,1
DA:3,1
DA:4,1
DA:5,1
DA:6,1
DA:7,1
DA:8,1
DA:9,1
DA:10,1
DA:11,5
DA:12,5
DA:13,5
DA:14,5
DA:15,5
DA:16,5
DA:17,5
DA:18,5
DA:19,5
DA:20,5
DA:21,5
DA:22,5
DA:23,5
DA:24,5
DA:25,5
DA:26,5
DA:27,5
DA:28,1
DA:29,1
LF:29
LH:29
BRDA:10,0,0,5
BRF:1
BRH:1
end_of_record
TN:
SF:src\presentation\controllers\requisitos\controller.ts
FN:9,RequisitoController
FN:13,RequisitoController.create
FN:24,RequisitoController.update
FN:36,RequisitoController.delete
FN:47,RequisitoController.deleteAll
FNF:5
FNH:1
FNDA:5,RequisitoController
FNDA:0,RequisitoController.create
FNDA:0,RequisitoController.update
FNDA:0,RequisitoController.delete
FNDA:0,RequisitoController.deleteAll
DA:1,1
DA:2,1
DA:3,1
DA:4,1
DA:5,1
DA:6,1
DA:7,1
DA:8,1
DA:9,1
DA:10,5
DA:11,5
DA:12,1
DA:13,1
DA:14,0
DA:15,0
DA:16,0
DA:17,0
DA:18,0
DA:19,0
DA:20,0
DA:21,0
DA:22,0
DA:23,1
DA:24,1
DA:25,0
DA:26,0
DA:27,0
DA:28,0
DA:29,0
DA:30,0
DA:31,0
DA:32,0
DA:33,0
DA:34,0
DA:35,1
DA:36,1
DA:37,0
DA:38,0
DA:39,0
DA:40,0
DA:41,0
DA:42,0
DA:43,0
DA:44,0
DA:45,0
DA:46,1
DA:47,1
DA:48,0
DA:49,0
DA:50,0
DA:51,0
DA:52,0
DA:53,0
DA:54,0
DA:55,0
DA:56,0
DA:57,1
DA:58,1
LF:58
LH:21
BRDA:9,0,0,5
BRF:1
BRH:1
end_of_record
TN:
SF:src\presentation\controllers\requisitos\routes.ts
FN:10,get routes
FNF:1
FNH:1
FNDA:5,get routes
DA:1,1
DA:2,1
DA:3,1
DA:4,1
DA:5,1
DA:6,1
DA:7,1
DA:8,1
DA:9,1
DA:10,1
DA:11,5
DA:12,5
DA:13,5
DA:14,5
DA:15,5
DA:16,5
DA:17,5
DA:18,5
DA:19,5
DA:20,5
DA:21,5
DA:22,5
DA:23,5
DA:24,5
DA:25,5
DA:26,5
DA:27,5
DA:28,5
DA:29,1
DA:30,1
LF:30
LH:30
BRDA:10,0,0,5
BRF:1
BRH:1
end_of_record
TN:
SF:src\presentation\controllers\seccion\controller.ts
FN:9,SeccionController
FN:13,SeccionController.create
FN:24,SeccionController.update
FN:36,SeccionController.deleteAll
FN:47,SeccionController.delete
FNF:5
FNH:5
FNDA:5,SeccionController
FNDA:2,SeccionController.create
FNDA:1,SeccionController.update
FNDA:1,SeccionController.deleteAll
FNDA:1,SeccionController.delete
DA:1,1
DA:2,1
DA:3,1
DA:4,1
DA:5,1
DA:6,1
DA:7,1
DA:8,1
DA:9,1
DA:10,5
DA:11,5
DA:12,1
DA:13,1
DA:14,2
DA:15,2
DA:16,2
DA:17,1
DA:18,1
DA:19,1
DA:20,1
DA:21,1
DA:22,1
DA:23,1
DA:24,1
DA:25,1
DA:26,1
DA:27,1
DA:28,1
DA:29,1
DA:30,1
DA:31,1
DA:32,1
DA:33,1
DA:34,1
DA:35,1
DA:36,1
DA:37,1
DA:38,1
DA:39,1
DA:40,1
DA:41,1
DA:42,1
DA:43,1
DA:44,1
DA:45,1
DA:46,1
DA:47,1
DA:48,1
DA:49,1
DA:50,1
DA:51,1
DA:52,1
DA:53,1
DA:54,1
DA:55,1
DA:56,1
DA:57,1
DA:58,1
LF:58
LH:58
BRDA:9,0,0,5
BRDA:13,1,0,2
BRDA:16,2,0,1
BRDA:19,3,0,1
BRDA:24,4,0,1
BRDA:28,5,0,0
BRDA:31,6,0,1
BRDA:36,7,0,1
BRDA:39,8,0,0
BRDA:42,9,0,1
BRDA:47,10,0,1
BRDA:50,11,0,0
BRDA:53,12,0,1
BRF:13
BRH:10
end_of_record
TN:
SF:src\presentation\controllers\seccion\routes.ts
FN:10,get routes
FNF:1
FNH:1
FNDA:5,get routes
DA:1,1
DA:2,1
DA:3,1
DA:4,1
DA:5,1
DA:6,1
DA:7,1
DA:8,1
DA:9,1
DA:10,1
DA:11,5
DA:12,5
DA:13,5
DA:14,5
DA:15,5
DA:16,5
DA:17,5
DA:18,5
DA:19,5
DA:20,5
DA:21,5
DA:22,5
DA:23,5
DA:24,5
DA:25,5
DA:26,5
DA:27,5
DA:28,5
DA:29,1
DA:30,1
LF:30
LH:30
BRDA:10,0,0,5
BRF:1
BRH:1
end_of_record
TN:
SF:src\presentation\controllers\tema\controller.ts
FN:9,TemaController
FN:13,TemaController.create
FN:24,TemaController.update
FN:36,TemaController.delete
FNF:4
FNH:1
FNDA:5,TemaController
FNDA:0,TemaController.create
FNDA:0,TemaController.update
FNDA:0,TemaController.delete
DA:1,1
DA:2,1
DA:3,1
DA:4,1
DA:5,1
DA:6,1
DA:7,1
DA:8,1
DA:9,1
DA:10,5
DA:11,5
DA:12,1
DA:13,1
DA:14,0
DA:15,0
DA:16,0
DA:17,0
DA:18,0
DA:19,0
DA:20,0
DA:21,0
DA:22,0
DA:23,1
DA:24,1
DA:25,0
DA:26,0
DA:27,0
DA:28,0
DA:29,0
DA:30,0
DA:31,0
DA:32,0
DA:33,0
DA:34,0
DA:35,1
DA:36,1
DA:37,0
DA:38,0
DA:39,0
DA:40,0
DA:41,0
DA:42,0
DA:43,0
DA:44,0
DA:45,0
DA:46,1
DA:47,1
LF:47
LH:19
BRDA:9,0,0,5
BRF:1
BRH:1
end_of_record
TN:
SF:src\presentation\controllers\tema\routes.ts
FN:10,get routes
FNF:1
FNH:1
FNDA:5,get routes
DA:1,1
DA:2,1
DA:3,1
DA:4,1
DA:5,1
DA:6,1
DA:7,1
DA:8,1
DA:9,1
DA:10,1
DA:11,5
DA:12,5
DA:13,5
DA:14,5
DA:15,5
DA:16,5
DA:17,5
DA:18,5
DA:19,5
DA:20,5
DA:21,5
DA:22,5
DA:23,5
DA:24,5
DA:25,5
DA:26,5
DA:27,5
DA:28,1
DA:29,1
LF:29
LH:29
BRDA:10,0,0,5
BRF:1
BRH:1
end_of_record
TN:
SF:src\presentation\middlewares\auth.middleware.ts
FN:9,validateJWT
FNF:1
FNH:1
FNDA:24,validateJWT
DA:1,1
DA:2,1
DA:3,1
DA:4,1
DA:5,1
DA:6,1
DA:7,1
DA:8,1
DA:9,1
DA:10,24
DA:11,24
DA:12,24
DA:13,24
DA:14,24
DA:15,24
DA:16,24
DA:17,24
DA:18,24
DA:19,24
DA:20,24
DA:21,24
DA:22,24
DA:23,24
DA:24,24
DA:25,24
DA:26,24
DA:27,24
DA:28,0
DA:29,0
DA:30,24
DA:31,24
DA:32,1
DA:33,1
LF:33
LH:31
BRDA:9,0,0,24
BRDA:15,1,0,0
BRDA:18,2,0,0
BRDA:27,3,0,0
BRF:4
BRH:1
end_of_record
TN:
SF:src\presentation\middlewares\index.ts
FN:1,get
FNF:1
FNH:1
FNDA:140,get
DA:1,1
LF:1
LH:1
BRDA:1,0,0,140
BRF:1
BRH:1
end_of_record
TN:
SF:src\presentation\services\asociativa.service.ts
FN:7,AsociativaService
FN:12,createUsuarioCurso
FN:28,updateUsuarioCurso
FN:44,deleteUsuarioCurso
FN:59,createCursoTema
FN:73,deleteCursoTema
FN:87,deleteCursoTemaAll
FNF:7
FNH:1
FNDA:5,AsociativaService
FNDA:0,createUsuarioCurso
FNDA:0,updateUsuarioCurso
FNDA:0,deleteUsuarioCurso
FNDA:0,createCursoTema
FNDA:0,deleteCursoTema
FNDA:0,deleteCursoTemaAll
DA:1,1
DA:2,1
DA:3,1
DA:4,1
DA:5,1
DA:6,1
DA:7,1
DA:8,5
DA:9,5
DA:10,1
DA:11,1
DA:12,1
DA:13,0
DA:14,0
DA:15,0
DA:16,0
DA:17,0
DA:18,0
DA:19,0
DA:20,0
DA:21,0
DA:22,0
DA:23,0
DA:24,0
DA:25,0
DA:26,0
DA:27,1
DA:28,1
DA:29,0
DA:30,0
DA:31,0
DA:32,0
DA:33,0
DA:34,0
DA:35,0
DA:36,0
DA:37,0
DA:38,0
DA:39,0
DA:40,0
DA:41,0
DA:42,0
DA:43,1
DA:44,1
DA:45,0
DA:46,0
DA:47,0
DA:48,0
DA:49,0
DA:50,0
DA:51,0
DA:52,0
DA:53,0
DA:54,0
DA:55,0
DA:56,0
DA:57,1
DA:58,1
DA:59,1
DA:60,0
DA:61,0
DA:62,0
DA:63,0
DA:64,0
DA:65,0
DA:66,0
DA:67,0
DA:68,0
DA:69,0
DA:70,0
DA:71,0
DA:72,1
DA:73,1
DA:74,0
DA:75,0
DA:76,0
DA:77,0
DA:78,0
DA:79,0
DA:80,0
DA:81,0
DA:82,0
DA:83,0
DA:84,0
DA:85,0
DA:86,1
DA:87,1
DA:88,0
DA:89,0
DA:90,0
DA:91,0
DA:92,0
DA:93,0
DA:94,0
DA:95,0
DA:96,0
DA:97,0
DA:98,0
DA:99,0
DA:100,1
DA:101,1
LF:101
LH:25
BRDA:7,0,0,5
BRF:1
BRH:1
end_of_record
TN:
SF:src\presentation\services\auth.service.ts
FN:8,AuthService
FN:12,loginUser
FN:35,registerUser
FN:63,updateUser
FN:85,deleteUser
FNF:5
FNH:5
FNDA:5,AuthService
FNDA:9,loginUser
FNDA:1,registerUser
FNDA:1,updateUser
FNDA:1,deleteUser
DA:1,1
DA:2,1
DA:3,1
DA:4,1
DA:5,1
DA:6,1
DA:7,1
DA:8,1
DA:9,5
DA:10,5
DA:11,1
DA:12,1
DA:13,9
DA:14,9
DA:15,9
DA:16,9
DA:17,8
DA:18,8
DA:19,9
DA:20,8
DA:21,8
DA:22,9
DA:23,8
DA:24,8
DA:25,8
DA:26,8
DA:27,8
DA:28,8
DA:29,9
DA:30,1
DA:31,1
DA:32,9
DA:33,9
DA:34,1
DA:35,1
DA:36,1
DA:37,1
DA:38,1
DA:39,1
DA:40,1
DA:41,1
DA:42,1
DA:43,1
DA:44,1
DA:45,1
DA:46,1
DA:47,1
DA:48,1
DA:49,1
DA:50,1
DA:51,1
DA:52,1
DA:53,1
DA:54,1
DA:55,1
DA:56,1
DA:57,1
DA:58,0
DA:59,0
DA:60,1
DA:61,1
DA:62,1
DA:63,1
DA:64,1
DA:65,1
DA:66,1
DA:67,1
DA:68,1
DA:69,1
DA:70,1
DA:71,1
DA:72,1
DA:73,1
DA:74,1
DA:75,1
DA:76,1
DA:77,1
DA:78,1
DA:79,1
DA:80,0
DA:81,0
DA:82,1
DA:83,1
DA:84,1
DA:85,1
DA:86,1
DA:87,1
DA:88,1
DA:89,1
DA:90,1
DA:91,1
DA:92,1
DA:93,1
DA:94,1
DA:95,1
DA:96,0
DA:97,0
DA:98,1
DA:99,1
DA:100,1
DA:101,1
LF:101
LH:95
BRDA:8,0,0,5
BRDA:12,1,0,9
BRDA:16,2,0,8
BRDA:19,3,0,0
BRDA:20,4,0,8
BRDA:22,5,0,0
BRDA:23,6,0,8
BRDA:29,7,0,1
BRDA:35,8,0,1
BRDA:41,9,0,0
BRDA:50,10,0,0
BRDA:57,11,0,0
BRDA:63,12,0,1
BRDA:68,13,0,0
BRDA:71,14,0,0
BRDA:76,15,0,0
BRDA:79,16,0,0
BRDA:85,17,0,1
BRDA:95,18,0,0
BRF:19
BRH:9
end_of_record
TN:
SF:src\presentation\services\clase.service.ts
FN:7,ClaseService
FN:11,create
FN:25,update
FN:44,delete
FN:58,deleteAll
FNF:5
FNH:1
FNDA:5,ClaseService
FNDA:0,create
FNDA:0,update
FNDA:0,delete
FNDA:0,deleteAll
DA:1,1
DA:2,1
DA:3,1
DA:4,1
DA:5,1
DA:6,1
DA:7,1
DA:8,5
DA:9,5
DA:10,1
DA:11,1
DA:12,0
DA:13,0
DA:14,0
DA:15,0
DA:16,0
DA:17,0
DA:18,0
DA:19,0
DA:20,0
DA:21,0
DA:22,0
DA:23,0
DA:24,1
DA:25,1
DA:26,0
DA:27,0
DA:28,0
DA:29,0
DA:30,0
DA:31,0
DA:32,0
DA:33,0
DA:34,0
DA:35,0
DA:36,0
DA:37,0
DA:38,0
DA:39,0
DA:40,0
DA:41,0
DA:42,0
DA:43,1
DA:44,1
DA:45,0
DA:46,0
DA:47,0
DA:48,0
DA:49,0
DA:50,0
DA:51,0
DA:52,0
DA:53,0
DA:54,0
DA:55,0
DA:56,0
DA:57,1
DA:58,1
DA:59,0
DA:60,0
DA:61,0
DA:62,0
DA:63,0
DA:64,0
DA:65,0
DA:66,0
DA:67,0
DA:68,0
DA:69,0
DA:70,0
DA:71,1
DA:72,1
LF:72
LH:19
BRDA:7,0,0,5
BRF:1
BRH:1
end_of_record
TN:
SF:src\presentation\services\curso.service.ts
FN:7,CursoService
FN:11,create
FN:27,update
FN:46,delete
FN:62,getAll
FN:76,getById
FNF:6
FNH:5
FNDA:5,CursoService
FNDA:0,create
FNDA:3,update
FNDA:2,delete
FNDA:2,getAll
FNDA:2,getById
DA:1,1
DA:2,1
DA:3,1
DA:4,1
DA:5,1
DA:6,1
DA:7,1
DA:8,5
DA:9,5
DA:10,1
DA:11,1
DA:12,0
DA:13,0
DA:14,0
DA:15,0
DA:16,0
DA:17,0
DA:18,0
DA:19,0
DA:20,0
DA:21,0
DA:22,0
DA:23,0
DA:24,0
DA:25,0
DA:26,1
DA:27,1
DA:28,3
DA:29,3
DA:30,3
DA:31,3
DA:32,3
DA:33,2
DA:34,3
DA:35,1
DA:36,1
DA:37,1
DA:38,1
DA:39,1
DA:40,3
DA:41,2
DA:42,2
DA:43,3
DA:44,3
DA:45,1
DA:46,1
DA:47,2
DA:48,2
DA:49,2
DA:50,2
DA:51,1
DA:52,1
DA:53,1
DA:54,1
DA:55,1
DA:56,1
DA:57,1
DA:58,1
DA:59,2
DA:60,2
DA:61,1
DA:62,1
DA:63,2
DA:64,2
DA:65,2
DA:66,2
DA:67,2
DA:68,2
DA:69,2
DA:70,2
DA:71,0
DA:72,0
DA:73,2
DA:74,2
DA:75,1
DA:76,1
DA:77,2
DA:78,2
DA:79,2
DA:80,2
DA:81,1
DA:82,1
DA:83,1
DA:84,1
DA:85,1
DA:86,1
DA:87,2
DA:88,2
DA:89,1
DA:90,1
LF:90
LH:74
BRDA:7,0,0,5
BRDA:27,1,0,3
BRDA:32,2,0,1
BRDA:32,3,0,2
BRDA:34,4,0,1
BRDA:40,5,0,2
BRDA:46,6,0,2
BRDA:51,7,0,1
BRDA:62,8,0,2
BRDA:70,9,0,0
BRDA:76,10,0,2
BRDA:81,11,0,1
BRF:12
BRH:11
end_of_record
TN:
SF:src\presentation\services\formacion.service.ts
FN:8,FormacionService
FN:12,create
FN:28,update
FN:47,delete
FN:61,deleteAll
FNF:5
FNH:5
FNDA:5,FormacionService
FNDA:1,create
FNDA:2,update
FNDA:2,delete
FNDA:2,deleteAll
DA:1,1
DA:2,1
DA:3,1
DA:4,1
DA:5,1
DA:6,1
DA:7,1
DA:8,1
DA:9,5
DA:10,5
DA:11,1
DA:12,1
DA:13,1
DA:14,1
DA:15,1
DA:16,1
DA:17,1
DA:18,1
DA:19,1
DA:20,1
DA:21,1
DA:22,1
DA:23,0
DA:24,0
DA:25,1
DA:26,1
DA:27,1
DA:28,1
DA:29,2
DA:30,2
DA:31,2
DA:32,2
DA:33,2
DA:34,2
DA:35,2
DA:36,1
DA:37,1
DA:38,1
DA:39,1
DA:40,1
DA:41,1
DA:42,1
DA:43,1
DA:44,2
DA:45,2
DA:46,1
DA:47,1
DA:48,2
DA:49,2
DA:50,2
DA:51,2
DA:52,1
DA:53,1
DA:54,1
DA:55,1
DA:56,1
DA:57,1
DA:58,2
DA:59,2
DA:60,1
DA:61,1
DA:62,2
DA:63,2
DA:64,2
DA:65,2
DA:66,1
DA:67,1
DA:68,1
DA:69,1
DA:70,1
DA:71,1
DA:72,2
DA:73,2
DA:74,1
DA:75,1
LF:75
LH:73
BRDA:8,0,0,5
BRDA:12,1,0,1
BRDA:22,2,0,0
BRDA:28,3,0,2
BRDA:33,4,0,0
BRDA:36,5,0,1
BRDA:47,6,0,2
BRDA:52,7,0,1
BRDA:61,8,0,2
BRDA:66,9,0,1
BRF:10
BRH:8
end_of_record
TN:
SF:src\presentation\services\index.ts
FN:1,get
FN:2,get
FN:3,get
FN:4,get
FN:5,get
FN:6,get
FN:7,get
FN:8,get
FNF:8
FNH:8
FNDA:5,get
FNDA:5,get
FNDA:5,get
FNDA:5,get
FNDA:5,get
FNDA:5,get
FNDA:5,get
FNDA:5,get
DA:1,1
DA:2,1
DA:3,1
DA:4,1
DA:5,1
DA:6,1
DA:7,1
DA:8,1
LF:8
LH:8
BRDA:1,0,0,5
BRDA:2,1,0,5
BRDA:3,2,0,5
BRDA:4,3,0,5
BRDA:5,4,0,5
BRDA:6,5,0,5
BRDA:7,6,0,5
BRDA:8,7,0,5
BRF:8
BRH:8
end_of_record
TN:
SF:src\presentation\services\requisito.service.ts
FN:7,RequisitoService
FN:11,create
FN:25,update
FN:44,delete
FN:58,deleteAll
FNF:5
FNH:1
FNDA:5,RequisitoService
FNDA:0,create
FNDA:0,update
FNDA:0,delete
FNDA:0,deleteAll
DA:1,1
DA:2,1
DA:3,1
DA:4,1
DA:5,1
DA:6,1
DA:7,1
DA:8,5
DA:9,5
DA:10,1
DA:11,1
DA:12,0
DA:13,0
DA:14,0
DA:15,0
DA:16,0
DA:17,0
DA:18,0
DA:19,0
DA:20,0
DA:21,0
DA:22,0
DA:23,0
DA:24,1
DA:25,1
DA:26,0
DA:27,0
DA:28,0
DA:29,0
DA:30,0
DA:31,0
DA:32,0
DA:33,0
DA:34,0
DA:35,0
DA:36,0
DA:37,0
DA:38,0
DA:39,0
DA:40,0
DA:41,0
DA:42,0
DA:43,1
DA:44,1
DA:45,0
DA:46,0
DA:47,0
DA:48,0
DA:49,0
DA:50,0
DA:51,0
DA:52,0
DA:53,0
DA:54,0
DA:55,0
DA:56,0
DA:57,1
DA:58,1
DA:59,0
DA:60,0
DA:61,0
DA:62,0
DA:63,0
DA:64,0
DA:65,0
DA:66,0
DA:67,0
DA:68,0
DA:69,0
DA:70,0
DA:71,1
DA:72,1
LF:72
LH:19
BRDA:7,0,0,5
BRF:1
BRH:1
end_of_record
TN:
SF:src\presentation\services\seccion.service.ts
FN:7,SeccionService
FN:11,create
FN:27,update
FN:46,deleteAll
FN:60,delete
FNF:5
FNH:5
FNDA:5,SeccionService
FNDA:1,create
FNDA:1,update
FNDA:1,deleteAll
FNDA:1,delete
DA:1,1
DA:2,1
DA:3,1
DA:4,1
DA:5,1
DA:6,1
DA:7,1
DA:8,5
DA:9,5
DA:10,1
DA:11,1
DA:12,1
DA:13,1
DA:14,1
DA:15,1
DA:16,1
DA:17,1
DA:18,1
DA:19,1
DA:20,1
DA:21,1
DA:22,0
DA:23,0
DA:24,1
DA:25,1
DA:26,1
DA:27,1
DA:28,1
DA:29,1
DA:30,1
DA:31,1
DA:32,1
DA:33,1
DA:34,1
DA:35,1
DA:36,1
DA:37,1
DA:38,1
DA:39,1
DA:40,1
DA:41,0
DA:42,0
DA:43,1
DA:44,1
DA:45,1
DA:46,1
DA:47,1
DA:48,1
DA:49,1
DA:50,1
DA:51,1
DA:52,1
DA:53,1
DA:54,1
DA:55,0
DA:56,0
DA:57,1
DA:58,1
DA:59,1
DA:60,1
DA:61,1
DA:62,1
DA:63,1
DA:64,1
DA:65,1
DA:66,1
DA:67,1
DA:68,1
DA:69,0
DA:70,0
DA:71,1
DA:72,1
DA:73,1
DA:74,1
LF:74
LH:66
BRDA:7,0,0,5
BRDA:11,1,0,1
BRDA:21,2,0,0
BRDA:27,3,0,1
BRDA:32,4,0,0
BRDA:40,5,0,0
BRDA:46,6,0,1
BRDA:54,7,0,0
BRDA:60,8,0,1
BRDA:68,9,0,0
BRF:10
BRH:5
end_of_record
TN:
SF:src\presentation\services\tema.service.ts
FN:7,TemaService
FN:11,create
FN:25,update
FN:44,delete
FNF:4
FNH:1
FNDA:5,TemaService
FNDA:0,create
FNDA:0,update
FNDA:0,delete
DA:1,1
DA:2,1
DA:3,1
DA:4,1
DA:5,1
DA:6,1
DA:7,1
DA:8,5
DA:9,5
DA:10,1
DA:11,1
DA:12,0
DA:13,0
DA:14,0
DA:15,0
DA:16,0
DA:17,0
DA:18,0
DA:19,0
DA:20,0
DA:21,0
DA:22,0
DA:23,0
DA:24,1
DA:25,1
DA:26,0
DA:27,0
DA:28,0
DA:29,0
DA:30,0
DA:31,0
DA:32,0
DA:33,0
DA:34,0
DA:35,0
DA:36,0
DA:37,0
DA:38,0
DA:39,0
DA:40,0
DA:41,0
DA:42,0
DA:43,1
DA:44,1
DA:45,0
DA:46,0
DA:47,0
DA:48,0
DA:49,0
DA:50,0
DA:51,0
DA:52,0
DA:53,0
DA:54,0
DA:55,0
DA:56,0
DA:57,1
DA:58,1
LF:58
LH:17
BRDA:7,0,0,5
BRF:1
BRH:1
end_of_record
TN:
SF:tests\test-server.ts
FNF:0
FNH:0
DA:1,1
DA:2,1
DA:3,1
DA:4,1
DA:5,1
DA:6,1
DA:7,1
DA:8,1
LF:8
LH:8
BRF:0
BRH:0
end_of_record
TN:
SF:tests\helpers\get-course.ts
FN:3,getCourseTest
FNF:1
FNH:1
FNDA:2,getCourseTest
DA:1,1
DA:2,1
DA:3,1
DA:4,2
DA:5,2
DA:6,2
LF:6
LH:6
BRDA:3,0,0,2
BRDA:3,1,0,2
BRF:2
BRH:2
end_of_record
TN:
SF:tests\helpers\get-token.ts
FN:4,getTokenUser
FNF:1
FNH:1
FNDA:5,getTokenUser
DA:1,1
DA:2,1
DA:3,1
DA:4,1
DA:5,5
DA:6,5
DA:7,5
DA:8,5
DA:9,5
DA:10,5
DA:11,5
DA:12,5
LF:12
LH:12
BRDA:4,0,0,5
BRDA:4,1,0,5
BRF:2
BRH:2
end_of_record
TN:
SF:tests\presentation\controllers\auth\fixtures\user-auth.ts
FNF:0
FNH:0
DA:1,1
DA:2,1
DA:3,1
DA:4,1
DA:5,1
DA:6,1
DA:7,1
DA:8,1
DA:9,1
DA:10,1
DA:11,1
DA:12,1
DA:13,1
DA:14,1
DA:15,1
DA:16,1
DA:17,1
DA:18,1
DA:19,1
DA:20,1
DA:21,1
DA:22,1
DA:23,1
DA:24,1
DA:25,1
DA:26,1
DA:27,1
DA:28,1
DA:29,1
DA:30,1
DA:31,1
DA:32,1
DA:33,1
DA:34,1
DA:35,1
DA:36,1
DA:37,1
DA:38,1
DA:39,1
DA:40,1
DA:41,1
DA:42,1
DA:43,1
DA:44,1
DA:45,1
DA:46,1
DA:47,1
DA:48,1
DA:49,1
DA:50,1
DA:51,1
DA:52,1
DA:53,1
DA:54,1
DA:55,1
DA:56,1
DA:57,1
DA:58,1
DA:59,1
DA:60,1
DA:61,1
DA:62,1
DA:63,1
DA:64,1
DA:65,1
LF:65
LH:65
BRF:0
BRH:0
end_of_record
TN:
SF:tests\presentation\controllers\auth\helpers\user-test.ts
FN:13,Object.<anonymous>.UserTest.delete
FN:33,Object.<anonymous>.UserTest.create
FNF:2
FNH:2
FNDA:3,Object.<anonymous>.UserTest.delete
FNDA:1,Object.<anonymous>.UserTest.create
DA:1,1
DA:2,1
DA:3,1
DA:4,1
DA:5,1
DA:6,1
DA:7,1
DA:8,1
DA:9,1
DA:10,1
DA:11,1
DA:12,1
DA:13,1
DA:14,3
DA:15,3
DA:16,3
DA:17,3
DA:18,3
DA:19,3
DA:20,3
DA:21,3
DA:22,2
DA:23,2
DA:24,2
DA:25,2
DA:26,2
DA:27,2
DA:28,2
DA:29,2
DA:30,3
DA:31,3
DA:32,1
DA:33,1
DA:34,1
DA:35,1
DA:36,1
DA:37,1
DA:38,1
DA:39,1
DA:40,1
DA:41,1
DA:42,1
DA:43,1
DA:44,1
DA:45,1
DA:46,1
DA:47,1
DA:48,1
DA:49,1
DA:50,1
DA:51,1
DA:52,1
DA:53,1
DA:54,1
DA:55,1
DA:56,1
LF:56
LH:56
BRDA:13,0,0,3
BRDA:13,1,0,3
BRDA:21,2,0,2
BRDA:33,3,0,1
BRDA:33,4,0,1
BRF:5
BRH:5
end_of_record
TN:
SF:tests\presentation\controllers\course\fixtures\course.ts
FNF:0
FNH:0
DA:1,1
DA:2,1
DA:3,1
DA:4,1
DA:5,1
DA:6,1
DA:7,1
DA:8,1
DA:9,1
DA:10,1
DA:11,1
DA:12,1
DA:13,1
DA:14,1
DA:15,1
DA:16,1
DA:17,1
DA:18,1
DA:19,1
DA:20,1
DA:21,1
DA:22,1
DA:23,1
DA:24,1
LF:24
LH:24
BRF:0
BRH:0
end_of_record
TN:
SF:tests\presentation\controllers\course\helpers\get-course.ts
FN:4,getCourseTest
FNF:1
FNH:1
FNDA:1,getCourseTest
DA:1,1
DA:2,1
DA:3,1
DA:4,1
DA:5,1
DA:6,1
DA:7,1
DA:8,1
DA:9,1
LF:9
LH:9
BRDA:4,0,0,1
BRDA:4,1,0,1
BRDA:6,2,0,2
BRF:3
BRH:3
end_of_record
TN:
SF:tests\presentation\controllers\course\helpers\index.ts
FN:1,get
FN:2,get
FNF:2
FNH:2
FNDA:1,get
FNDA:1,get
DA:1,1
DA:2,1
LF:2
LH:2
BRDA:1,0,0,1
BRDA:2,1,0,1
BRF:2
BRH:2
end_of_record
TN:
SF:tests\presentation\controllers\course\helpers\update-course.ts
FN:4,updateCourseTest
FNF:1
FNH:1
FNDA:1,updateCourseTest
DA:1,1
DA:2,1
DA:3,1
DA:4,1
DA:5,1
DA:6,1
DA:7,1
DA:8,1
DA:9,1
DA:10,1
DA:11,1
DA:12,1
DA:13,1
DA:14,1
DA:15,1
DA:16,1
DA:17,1
LF:17
LH:17
BRDA:4,0,0,1
BRDA:4,1,0,1
BRF:2
BRH:2
end_of_record
TN:
SF:tests\presentation\controllers\formacion\helpers\delete-formacion.ts
FN:3,deleteFormacion
FNF:1
FNH:1
FNDA:1,deleteFormacion
DA:1,1
DA:2,1
DA:3,1
DA:4,1
DA:5,1
DA:6,1
DA:7,1
DA:8,1
DA:9,1
DA:10,1
DA:11,1
LF:11
LH:11
BRDA:3,0,0,1
BRDA:3,1,0,1
BRF:2
BRH:2
end_of_record
TN:
SF:tests\presentation\controllers\formacion\helpers\get-formacion.ts
FN:3,getFormacionTest
FNF:1
FNH:1
FNDA:1,getFormacionTest
DA:1,1
DA:2,1
DA:3,1
DA:4,1
DA:5,1
DA:6,1
DA:7,1
DA:8,1
LF:8
LH:8
BRDA:3,0,0,1
BRDA:3,1,0,1
BRF:2
BRH:2
end_of_record
TN:
SF:tests\presentation\controllers\formacion\helpers\index.ts
FN:1,get
FN:2,get
FN:3,get
FN:4,get
FNF:4
FNH:4
FNDA:1,get
FNDA:1,get
FNDA:1,get
FNDA:1,get
DA:1,1
DA:2,1
DA:3,1
DA:4,1
LF:4
LH:4
BRDA:1,0,0,1
BRDA:2,1,0,1
BRDA:3,2,0,1
BRDA:4,3,0,1
BRF:4
BRH:4
end_of_record
TN:
SF:tests\presentation\controllers\formacion\helpers\update-formacion.ts
FN:3,updateFormacionesTest
FN:16,updateFormacionTest
FNF:2
FNH:2
FNDA:1,updateFormacionesTest
FNDA:1,updateFormacionTest
DA:1,1
DA:2,1
DA:3,1
DA:4,1
DA:5,1
DA:6,1
DA:7,1
DA:8,1
DA:9,1
DA:10,1
DA:11,1
DA:12,1
DA:13,1
DA:14,1
DA:15,1
DA:16,1
DA:17,1
DA:18,1
DA:19,1
DA:20,1
DA:21,1
DA:22,1
DA:23,1
DA:24,1
DA:25,1
DA:26,1
DA:27,1
LF:27
LH:27
BRDA:3,0,0,1
BRDA:3,1,0,1
BRDA:16,2,0,1
BRDA:16,3,0,1
BRF:4
BRH:4
end_of_record
TN:
SF:tests\presentation\controllers\seccion\helpers\delete-seccion.ts
FN:3,deleteSeccionTest
FNF:1
FNH:1
FNDA:1,deleteSeccionTest
DA:1,1
DA:2,1
DA:3,1
DA:4,1
DA:5,1
DA:6,1
DA:7,1
DA:8,1
DA:9,1
DA:10,1
DA:11,1
LF:11
LH:11
BRDA:3,0,0,1
BRDA:3,1,0,1
BRF:2
BRH:2
end_of_record
TN:
SF:tests\presentation\controllers\seccion\helpers\get-seccion.ts
FN:3,getSeccionTest
FNF:1
FNH:1
FNDA:1,getSeccionTest
DA:1,1
DA:2,1
DA:3,1
DA:4,1
DA:5,1
DA:6,1
LF:6
LH:6
BRDA:3,0,0,1
BRDA:3,1,0,1
BRF:2
BRH:2
end_of_record
TN:
SF:tests\presentation\controllers\seccion\helpers\index.ts
FN:1,get
FN:2,get
FN:3,get
FN:4,get
FNF:4
FNH:4
FNDA:1,get
FNDA:1,get
FNDA:1,get
FNDA:1,get
DA:1,1
DA:2,1
DA:3,1
DA:4,1
LF:4
LH:4
BRDA:1,0,0,1
BRDA:2,1,0,1
BRDA:3,2,0,1
BRDA:4,3,0,1
BRF:4
BRH:4
end_of_record
TN:
SF:tests\presentation\controllers\seccion\helpers\update-seccion.ts
FN:3,updateSeccionesCurso
FN:16,updateSeccion
FNF:2
FNH:2
FNDA:1,updateSeccionesCurso
FNDA:1,updateSeccion
DA:1,1
DA:2,1
DA:3,1
DA:4,1
DA:5,1
DA:6,1
DA:7,1
DA:8,1
DA:9,1
DA:10,1
DA:11,1
DA:12,1
DA:13,1
DA:14,1
DA:15,1
DA:16,1
DA:17,1
DA:18,1
DA:19,1
DA:20,1
DA:21,1
DA:22,1
DA:23,1
DA:24,1
DA:25,1
DA:26,1
DA:27,1
LF:27
LH:27
BRDA:3,0,0,1
BRDA:3,1,0,1
BRDA:16,2,0,1
BRDA:16,3,0,1
BRF:4
BRH:4
end_of_record
